  [1m[36m (8.5ms)[0m  [1mCREATE TABLE "schema_migrations" ("version" varchar(255) NOT NULL) [0m
  [1m[35m (9.3ms)[0m  CREATE UNIQUE INDEX "unique_schema_migrations" ON "schema_migrations" ("version")
  [1m[36mActiveRecord::SchemaMigration Load (0.1ms)[0m  [1mSELECT "schema_migrations".* FROM "schema_migrations"[0m
Migrating to CreateWines (20140416022434)
  [1m[35m (0.0ms)[0m  begin transaction
  [1m[36m (0.3ms)[0m  [1mCREATE TABLE "wines" ("id" INTEGER PRIMARY KEY AUTOINCREMENT NOT NULL, "name" varchar(255), "year" integer, "winery" varchar(255), "country" varchar(255), "varietal" varchar(255), "created_at" datetime, "updated_at" datetime) [0m
  [1m[35mSQL (0.1ms)[0m  INSERT INTO "schema_migrations" ("version") VALUES (?)  [["version", "20140416022434"]]
  [1m[36m (4.6ms)[0m  [1mcommit transaction[0m
  [1m[35mActiveRecord::SchemaMigration Load (0.1ms)[0m  SELECT "schema_migrations".* FROM "schema_migrations"
  [1m[36mActiveRecord::SchemaMigration Load (0.1ms)[0m  [1mSELECT "schema_migrations".* FROM "schema_migrations"[0m


Started GET "/books" for 127.0.0.1 at 2014-04-19 16:04:43 -0400
  [1m[36mActiveRecord::SchemaMigration Load (0.1ms)[0m  [1mSELECT "schema_migrations".* FROM "schema_migrations"[0m

ActionController::RoutingError (No route matches [GET] "/books"):
  actionpack (4.0.2) lib/action_dispatch/middleware/debug_exceptions.rb:21:in `call'
  actionpack (4.0.2) lib/action_dispatch/middleware/show_exceptions.rb:30:in `call'
  railties (4.0.2) lib/rails/rack/logger.rb:38:in `call_app'
  railties (4.0.2) lib/rails/rack/logger.rb:20:in `block in call'
  activesupport (4.0.2) lib/active_support/tagged_logging.rb:67:in `block in tagged'
  activesupport (4.0.2) lib/active_support/tagged_logging.rb:25:in `tagged'
  activesupport (4.0.2) lib/active_support/tagged_logging.rb:67:in `tagged'
  railties (4.0.2) lib/rails/rack/logger.rb:20:in `call'
  actionpack (4.0.2) lib/action_dispatch/middleware/request_id.rb:21:in `call'
  rack (1.5.2) lib/rack/methodoverride.rb:21:in `call'
  rack (1.5.2) lib/rack/runtime.rb:17:in `call'
  activesupport (4.0.2) lib/active_support/cache/strategy/local_cache.rb:83:in `call'
  rack (1.5.2) lib/rack/lock.rb:17:in `call'
  actionpack (4.0.2) lib/action_dispatch/middleware/static.rb:64:in `call'
  rack (1.5.2) lib/rack/sendfile.rb:112:in `call'
  railties (4.0.2) lib/rails/engine.rb:511:in `call'
  railties (4.0.2) lib/rails/application.rb:97:in `call'
  rack (1.5.2) lib/rack/lock.rb:17:in `call'
  rack (1.5.2) lib/rack/content_length.rb:14:in `call'
  rack (1.5.2) lib/rack/handler/webrick.rb:60:in `service'
  /home/student/.rbenv/versions/2.1.0/lib/ruby/2.1.0/webrick/httpserver.rb:138:in `service'
  /home/student/.rbenv/versions/2.1.0/lib/ruby/2.1.0/webrick/httpserver.rb:94:in `run'
  /home/student/.rbenv/versions/2.1.0/lib/ruby/2.1.0/webrick/server.rb:295:in `block in start_thread'


  Rendered /home/student/.rbenv/versions/2.1.0/lib/ruby/gems/2.1.0/gems/actionpack-4.0.2/lib/action_dispatch/middleware/templates/rescues/_trace.erb (0.9ms)
  Rendered /home/student/.rbenv/versions/2.1.0/lib/ruby/gems/2.1.0/gems/actionpack-4.0.2/lib/action_dispatch/middleware/templates/routes/_route.html.erb (0.7ms)
  Rendered /home/student/.rbenv/versions/2.1.0/lib/ruby/gems/2.1.0/gems/actionpack-4.0.2/lib/action_dispatch/middleware/templates/routes/_table.html.erb (8.7ms)
  Rendered /home/student/.rbenv/versions/2.1.0/lib/ruby/gems/2.1.0/gems/actionpack-4.0.2/lib/action_dispatch/middleware/templates/rescues/routing_error.erb within rescues/layout (27.5ms)


Started GET "/books" for 127.0.0.1 at 2014-04-19 16:08:10 -0400

ActionController::RoutingError (No route matches [GET] "/books"):
  actionpack (4.0.2) lib/action_dispatch/middleware/debug_exceptions.rb:21:in `call'
  actionpack (4.0.2) lib/action_dispatch/middleware/show_exceptions.rb:30:in `call'
  railties (4.0.2) lib/rails/rack/logger.rb:38:in `call_app'
  railties (4.0.2) lib/rails/rack/logger.rb:20:in `block in call'
  activesupport (4.0.2) lib/active_support/tagged_logging.rb:67:in `block in tagged'
  activesupport (4.0.2) lib/active_support/tagged_logging.rb:25:in `tagged'
  activesupport (4.0.2) lib/active_support/tagged_logging.rb:67:in `tagged'
  railties (4.0.2) lib/rails/rack/logger.rb:20:in `call'
  actionpack (4.0.2) lib/action_dispatch/middleware/request_id.rb:21:in `call'
  rack (1.5.2) lib/rack/methodoverride.rb:21:in `call'
  rack (1.5.2) lib/rack/runtime.rb:17:in `call'
  activesupport (4.0.2) lib/active_support/cache/strategy/local_cache.rb:83:in `call'
  rack (1.5.2) lib/rack/lock.rb:17:in `call'
  actionpack (4.0.2) lib/action_dispatch/middleware/static.rb:64:in `call'
  rack (1.5.2) lib/rack/sendfile.rb:112:in `call'
  railties (4.0.2) lib/rails/engine.rb:511:in `call'
  railties (4.0.2) lib/rails/application.rb:97:in `call'
  rack (1.5.2) lib/rack/lock.rb:17:in `call'
  rack (1.5.2) lib/rack/content_length.rb:14:in `call'
  rack (1.5.2) lib/rack/handler/webrick.rb:60:in `service'
  /home/student/.rbenv/versions/2.1.0/lib/ruby/2.1.0/webrick/httpserver.rb:138:in `service'
  /home/student/.rbenv/versions/2.1.0/lib/ruby/2.1.0/webrick/httpserver.rb:94:in `run'
  /home/student/.rbenv/versions/2.1.0/lib/ruby/2.1.0/webrick/server.rb:295:in `block in start_thread'


  Rendered /home/student/.rbenv/versions/2.1.0/lib/ruby/gems/2.1.0/gems/actionpack-4.0.2/lib/action_dispatch/middleware/templates/rescues/_trace.erb (2.7ms)
  Rendered /home/student/.rbenv/versions/2.1.0/lib/ruby/gems/2.1.0/gems/actionpack-4.0.2/lib/action_dispatch/middleware/templates/routes/_route.html.erb (0.6ms)
  Rendered /home/student/.rbenv/versions/2.1.0/lib/ruby/gems/2.1.0/gems/actionpack-4.0.2/lib/action_dispatch/middleware/templates/routes/_table.html.erb (1.0ms)
  Rendered /home/student/.rbenv/versions/2.1.0/lib/ruby/gems/2.1.0/gems/actionpack-4.0.2/lib/action_dispatch/middleware/templates/rescues/routing_error.erb within rescues/layout (28.3ms)


Started GET "/wines" for 127.0.0.1 at 2014-04-19 16:08:30 -0400

SyntaxError (/home/student/Workspace/wine_review/app/controllers/wines_controller.rb:5: syntax error, unexpected keyword_end, expecting end-of-input):
  activesupport (4.0.2) lib/active_support/dependencies.rb:424:in `load'
  activesupport (4.0.2) lib/active_support/dependencies.rb:424:in `block in load_file'
  activesupport (4.0.2) lib/active_support/dependencies.rb:616:in `new_constants_in'
  activesupport (4.0.2) lib/active_support/dependencies.rb:423:in `load_file'
  activesupport (4.0.2) lib/active_support/dependencies.rb:324:in `require_or_load'
  activesupport (4.0.2) lib/active_support/dependencies.rb:463:in `load_missing_constant'
  activesupport (4.0.2) lib/active_support/dependencies.rb:184:in `const_missing'
  activesupport (4.0.2) lib/active_support/inflector/methods.rb:226:in `const_get'
  activesupport (4.0.2) lib/active_support/inflector/methods.rb:226:in `block in constantize'
  activesupport (4.0.2) lib/active_support/inflector/methods.rb:224:in `each'
  activesupport (4.0.2) lib/active_support/inflector/methods.rb:224:in `inject'
  activesupport (4.0.2) lib/active_support/inflector/methods.rb:224:in `constantize'
  activesupport (4.0.2) lib/active_support/dependencies.rb:535:in `get'
  activesupport (4.0.2) lib/active_support/dependencies.rb:566:in `constantize'
  actionpack (4.0.2) lib/action_dispatch/routing/route_set.rb:76:in `controller_reference'
  actionpack (4.0.2) lib/action_dispatch/routing/route_set.rb:66:in `controller'
  actionpack (4.0.2) lib/action_dispatch/routing/route_set.rb:44:in `call'
  actionpack (4.0.2) lib/action_dispatch/journey/router.rb:71:in `block in call'
  actionpack (4.0.2) lib/action_dispatch/journey/router.rb:59:in `each'
  actionpack (4.0.2) lib/action_dispatch/journey/router.rb:59:in `call'
  actionpack (4.0.2) lib/action_dispatch/routing/route_set.rb:680:in `call'
  rack (1.5.2) lib/rack/etag.rb:23:in `call'
  rack (1.5.2) lib/rack/conditionalget.rb:25:in `call'
  rack (1.5.2) lib/rack/head.rb:11:in `call'
  actionpack (4.0.2) lib/action_dispatch/middleware/params_parser.rb:27:in `call'
  actionpack (4.0.2) lib/action_dispatch/middleware/flash.rb:241:in `call'
  rack (1.5.2) lib/rack/session/abstract/id.rb:225:in `context'
  rack (1.5.2) lib/rack/session/abstract/id.rb:220:in `call'
  actionpack (4.0.2) lib/action_dispatch/middleware/cookies.rb:486:in `call'
  activerecord (4.0.2) lib/active_record/query_cache.rb:36:in `call'
  activerecord (4.0.2) lib/active_record/connection_adapters/abstract/connection_pool.rb:626:in `call'
  activerecord (4.0.2) lib/active_record/migration.rb:369:in `call'
  actionpack (4.0.2) lib/action_dispatch/middleware/callbacks.rb:29:in `block in call'
  activesupport (4.0.2) lib/active_support/callbacks.rb:373:in `_run__657003947__call__callbacks'
  activesupport (4.0.2) lib/active_support/callbacks.rb:80:in `run_callbacks'
  actionpack (4.0.2) lib/action_dispatch/middleware/callbacks.rb:27:in `call'
  actionpack (4.0.2) lib/action_dispatch/middleware/reloader.rb:64:in `call'
  actionpack (4.0.2) lib/action_dispatch/middleware/remote_ip.rb:76:in `call'
  actionpack (4.0.2) lib/action_dispatch/middleware/debug_exceptions.rb:17:in `call'
  actionpack (4.0.2) lib/action_dispatch/middleware/show_exceptions.rb:30:in `call'
  railties (4.0.2) lib/rails/rack/logger.rb:38:in `call_app'
  railties (4.0.2) lib/rails/rack/logger.rb:20:in `block in call'
  activesupport (4.0.2) lib/active_support/tagged_logging.rb:67:in `block in tagged'
  activesupport (4.0.2) lib/active_support/tagged_logging.rb:25:in `tagged'
  activesupport (4.0.2) lib/active_support/tagged_logging.rb:67:in `tagged'
  railties (4.0.2) lib/rails/rack/logger.rb:20:in `call'
  actionpack (4.0.2) lib/action_dispatch/middleware/request_id.rb:21:in `call'
  rack (1.5.2) lib/rack/methodoverride.rb:21:in `call'
  rack (1.5.2) lib/rack/runtime.rb:17:in `call'
  activesupport (4.0.2) lib/active_support/cache/strategy/local_cache.rb:83:in `call'
  rack (1.5.2) lib/rack/lock.rb:17:in `call'
  actionpack (4.0.2) lib/action_dispatch/middleware/static.rb:64:in `call'
  rack (1.5.2) lib/rack/sendfile.rb:112:in `call'
  railties (4.0.2) lib/rails/engine.rb:511:in `call'
  railties (4.0.2) lib/rails/application.rb:97:in `call'
  rack (1.5.2) lib/rack/lock.rb:17:in `call'
  rack (1.5.2) lib/rack/content_length.rb:14:in `call'
  rack (1.5.2) lib/rack/handler/webrick.rb:60:in `service'
  /home/student/.rbenv/versions/2.1.0/lib/ruby/2.1.0/webrick/httpserver.rb:138:in `service'
  /home/student/.rbenv/versions/2.1.0/lib/ruby/2.1.0/webrick/httpserver.rb:94:in `run'
  /home/student/.rbenv/versions/2.1.0/lib/ruby/2.1.0/webrick/server.rb:295:in `block in start_thread'


  Rendered /home/student/.rbenv/versions/2.1.0/lib/ruby/gems/2.1.0/gems/actionpack-4.0.2/lib/action_dispatch/middleware/templates/rescues/_source.erb (1.5ms)
  Rendered /home/student/.rbenv/versions/2.1.0/lib/ruby/gems/2.1.0/gems/actionpack-4.0.2/lib/action_dispatch/middleware/templates/rescues/_trace.erb (1.9ms)
  Rendered /home/student/.rbenv/versions/2.1.0/lib/ruby/gems/2.1.0/gems/actionpack-4.0.2/lib/action_dispatch/middleware/templates/rescues/_request_and_response.erb (28.5ms)
  Rendered /home/student/.rbenv/versions/2.1.0/lib/ruby/gems/2.1.0/gems/actionpack-4.0.2/lib/action_dispatch/middleware/templates/rescues/diagnostics.erb within rescues/layout (66.1ms)


Started GET "/wines_review" for 127.0.0.1 at 2014-04-19 16:48:57 -0400
  [1m[36mActiveRecord::SchemaMigration Load (0.1ms)[0m  [1mSELECT "schema_migrations".* FROM "schema_migrations"[0m

ActionController::RoutingError (No route matches [GET] "/wines_review"):
  actionpack (4.0.2) lib/action_dispatch/middleware/debug_exceptions.rb:21:in `call'
  actionpack (4.0.2) lib/action_dispatch/middleware/show_exceptions.rb:30:in `call'
  railties (4.0.2) lib/rails/rack/logger.rb:38:in `call_app'
  railties (4.0.2) lib/rails/rack/logger.rb:20:in `block in call'
  activesupport (4.0.2) lib/active_support/tagged_logging.rb:67:in `block in tagged'
  activesupport (4.0.2) lib/active_support/tagged_logging.rb:25:in `tagged'
  activesupport (4.0.2) lib/active_support/tagged_logging.rb:67:in `tagged'
  railties (4.0.2) lib/rails/rack/logger.rb:20:in `call'
  actionpack (4.0.2) lib/action_dispatch/middleware/request_id.rb:21:in `call'
  rack (1.5.2) lib/rack/methodoverride.rb:21:in `call'
  rack (1.5.2) lib/rack/runtime.rb:17:in `call'
  activesupport (4.0.2) lib/active_support/cache/strategy/local_cache.rb:83:in `call'
  rack (1.5.2) lib/rack/lock.rb:17:in `call'
  actionpack (4.0.2) lib/action_dispatch/middleware/static.rb:64:in `call'
  rack (1.5.2) lib/rack/sendfile.rb:112:in `call'
  railties (4.0.2) lib/rails/engine.rb:511:in `call'
  railties (4.0.2) lib/rails/application.rb:97:in `call'
  rack (1.5.2) lib/rack/lock.rb:17:in `call'
  rack (1.5.2) lib/rack/content_length.rb:14:in `call'
  rack (1.5.2) lib/rack/handler/webrick.rb:60:in `service'
  /home/student/.rbenv/versions/2.1.0/lib/ruby/2.1.0/webrick/httpserver.rb:138:in `service'
  /home/student/.rbenv/versions/2.1.0/lib/ruby/2.1.0/webrick/httpserver.rb:94:in `run'
  /home/student/.rbenv/versions/2.1.0/lib/ruby/2.1.0/webrick/server.rb:295:in `block in start_thread'


  Rendered /home/student/.rbenv/versions/2.1.0/lib/ruby/gems/2.1.0/gems/actionpack-4.0.2/lib/action_dispatch/middleware/templates/rescues/_trace.erb (0.8ms)
  Rendered /home/student/.rbenv/versions/2.1.0/lib/ruby/gems/2.1.0/gems/actionpack-4.0.2/lib/action_dispatch/middleware/templates/routes/_route.html.erb (0.5ms)
  Rendered /home/student/.rbenv/versions/2.1.0/lib/ruby/gems/2.1.0/gems/actionpack-4.0.2/lib/action_dispatch/middleware/templates/routes/_table.html.erb (2.8ms)
  Rendered /home/student/.rbenv/versions/2.1.0/lib/ruby/gems/2.1.0/gems/actionpack-4.0.2/lib/action_dispatch/middleware/templates/rescues/routing_error.erb within rescues/layout (15.7ms)


Started GET "/wine_review" for 127.0.0.1 at 2014-04-19 16:49:04 -0400

ActionController::RoutingError (No route matches [GET] "/wine_review"):
  actionpack (4.0.2) lib/action_dispatch/middleware/debug_exceptions.rb:21:in `call'
  actionpack (4.0.2) lib/action_dispatch/middleware/show_exceptions.rb:30:in `call'
  railties (4.0.2) lib/rails/rack/logger.rb:38:in `call_app'
  railties (4.0.2) lib/rails/rack/logger.rb:20:in `block in call'
  activesupport (4.0.2) lib/active_support/tagged_logging.rb:67:in `block in tagged'
  activesupport (4.0.2) lib/active_support/tagged_logging.rb:25:in `tagged'
  activesupport (4.0.2) lib/active_support/tagged_logging.rb:67:in `tagged'
  railties (4.0.2) lib/rails/rack/logger.rb:20:in `call'
  actionpack (4.0.2) lib/action_dispatch/middleware/request_id.rb:21:in `call'
  rack (1.5.2) lib/rack/methodoverride.rb:21:in `call'
  rack (1.5.2) lib/rack/runtime.rb:17:in `call'
  activesupport (4.0.2) lib/active_support/cache/strategy/local_cache.rb:83:in `call'
  rack (1.5.2) lib/rack/lock.rb:17:in `call'
  actionpack (4.0.2) lib/action_dispatch/middleware/static.rb:64:in `call'
  rack (1.5.2) lib/rack/sendfile.rb:112:in `call'
  railties (4.0.2) lib/rails/engine.rb:511:in `call'
  railties (4.0.2) lib/rails/application.rb:97:in `call'
  rack (1.5.2) lib/rack/lock.rb:17:in `call'
  rack (1.5.2) lib/rack/content_length.rb:14:in `call'
  rack (1.5.2) lib/rack/handler/webrick.rb:60:in `service'
  /home/student/.rbenv/versions/2.1.0/lib/ruby/2.1.0/webrick/httpserver.rb:138:in `service'
  /home/student/.rbenv/versions/2.1.0/lib/ruby/2.1.0/webrick/httpserver.rb:94:in `run'
  /home/student/.rbenv/versions/2.1.0/lib/ruby/2.1.0/webrick/server.rb:295:in `block in start_thread'


  Rendered /home/student/.rbenv/versions/2.1.0/lib/ruby/gems/2.1.0/gems/actionpack-4.0.2/lib/action_dispatch/middleware/templates/rescues/_trace.erb (2.4ms)
  Rendered /home/student/.rbenv/versions/2.1.0/lib/ruby/gems/2.1.0/gems/actionpack-4.0.2/lib/action_dispatch/middleware/templates/routes/_route.html.erb (0.7ms)
  Rendered /home/student/.rbenv/versions/2.1.0/lib/ruby/gems/2.1.0/gems/actionpack-4.0.2/lib/action_dispatch/middleware/templates/routes/_table.html.erb (1.1ms)
  Rendered /home/student/.rbenv/versions/2.1.0/lib/ruby/gems/2.1.0/gems/actionpack-4.0.2/lib/action_dispatch/middleware/templates/rescues/routing_error.erb within rescues/layout (24.2ms)


Started GET "/wines" for 127.0.0.1 at 2014-04-19 16:49:14 -0400

SyntaxError (/home/student/Workspace/wine_review/app/controllers/wines_controller.rb:5: syntax error, unexpected keyword_end, expecting end-of-input):
  activesupport (4.0.2) lib/active_support/dependencies.rb:424:in `load'
  activesupport (4.0.2) lib/active_support/dependencies.rb:424:in `block in load_file'
  activesupport (4.0.2) lib/active_support/dependencies.rb:616:in `new_constants_in'
  activesupport (4.0.2) lib/active_support/dependencies.rb:423:in `load_file'
  activesupport (4.0.2) lib/active_support/dependencies.rb:324:in `require_or_load'
  activesupport (4.0.2) lib/active_support/dependencies.rb:463:in `load_missing_constant'
  activesupport (4.0.2) lib/active_support/dependencies.rb:184:in `const_missing'
  activesupport (4.0.2) lib/active_support/inflector/methods.rb:226:in `const_get'
  activesupport (4.0.2) lib/active_support/inflector/methods.rb:226:in `block in constantize'
  activesupport (4.0.2) lib/active_support/inflector/methods.rb:224:in `each'
  activesupport (4.0.2) lib/active_support/inflector/methods.rb:224:in `inject'
  activesupport (4.0.2) lib/active_support/inflector/methods.rb:224:in `constantize'
  activesupport (4.0.2) lib/active_support/dependencies.rb:535:in `get'
  activesupport (4.0.2) lib/active_support/dependencies.rb:566:in `constantize'
  actionpack (4.0.2) lib/action_dispatch/routing/route_set.rb:76:in `controller_reference'
  actionpack (4.0.2) lib/action_dispatch/routing/route_set.rb:66:in `controller'
  actionpack (4.0.2) lib/action_dispatch/routing/route_set.rb:44:in `call'
  actionpack (4.0.2) lib/action_dispatch/journey/router.rb:71:in `block in call'
  actionpack (4.0.2) lib/action_dispatch/journey/router.rb:59:in `each'
  actionpack (4.0.2) lib/action_dispatch/journey/router.rb:59:in `call'
  actionpack (4.0.2) lib/action_dispatch/routing/route_set.rb:680:in `call'
  rack (1.5.2) lib/rack/etag.rb:23:in `call'
  rack (1.5.2) lib/rack/conditionalget.rb:25:in `call'
  rack (1.5.2) lib/rack/head.rb:11:in `call'
  actionpack (4.0.2) lib/action_dispatch/middleware/params_parser.rb:27:in `call'
  actionpack (4.0.2) lib/action_dispatch/middleware/flash.rb:241:in `call'
  rack (1.5.2) lib/rack/session/abstract/id.rb:225:in `context'
  rack (1.5.2) lib/rack/session/abstract/id.rb:220:in `call'
  actionpack (4.0.2) lib/action_dispatch/middleware/cookies.rb:486:in `call'
  activerecord (4.0.2) lib/active_record/query_cache.rb:36:in `call'
  activerecord (4.0.2) lib/active_record/connection_adapters/abstract/connection_pool.rb:626:in `call'
  activerecord (4.0.2) lib/active_record/migration.rb:369:in `call'
  actionpack (4.0.2) lib/action_dispatch/middleware/callbacks.rb:29:in `block in call'
  activesupport (4.0.2) lib/active_support/callbacks.rb:373:in `_run__809999375__call__callbacks'
  activesupport (4.0.2) lib/active_support/callbacks.rb:80:in `run_callbacks'
  actionpack (4.0.2) lib/action_dispatch/middleware/callbacks.rb:27:in `call'
  actionpack (4.0.2) lib/action_dispatch/middleware/reloader.rb:64:in `call'
  actionpack (4.0.2) lib/action_dispatch/middleware/remote_ip.rb:76:in `call'
  actionpack (4.0.2) lib/action_dispatch/middleware/debug_exceptions.rb:17:in `call'
  actionpack (4.0.2) lib/action_dispatch/middleware/show_exceptions.rb:30:in `call'
  railties (4.0.2) lib/rails/rack/logger.rb:38:in `call_app'
  railties (4.0.2) lib/rails/rack/logger.rb:20:in `block in call'
  activesupport (4.0.2) lib/active_support/tagged_logging.rb:67:in `block in tagged'
  activesupport (4.0.2) lib/active_support/tagged_logging.rb:25:in `tagged'
  activesupport (4.0.2) lib/active_support/tagged_logging.rb:67:in `tagged'
  railties (4.0.2) lib/rails/rack/logger.rb:20:in `call'
  actionpack (4.0.2) lib/action_dispatch/middleware/request_id.rb:21:in `call'
  rack (1.5.2) lib/rack/methodoverride.rb:21:in `call'
  rack (1.5.2) lib/rack/runtime.rb:17:in `call'
  activesupport (4.0.2) lib/active_support/cache/strategy/local_cache.rb:83:in `call'
  rack (1.5.2) lib/rack/lock.rb:17:in `call'
  actionpack (4.0.2) lib/action_dispatch/middleware/static.rb:64:in `call'
  rack (1.5.2) lib/rack/sendfile.rb:112:in `call'
  railties (4.0.2) lib/rails/engine.rb:511:in `call'
  railties (4.0.2) lib/rails/application.rb:97:in `call'
  rack (1.5.2) lib/rack/lock.rb:17:in `call'
  rack (1.5.2) lib/rack/content_length.rb:14:in `call'
  rack (1.5.2) lib/rack/handler/webrick.rb:60:in `service'
  /home/student/.rbenv/versions/2.1.0/lib/ruby/2.1.0/webrick/httpserver.rb:138:in `service'
  /home/student/.rbenv/versions/2.1.0/lib/ruby/2.1.0/webrick/httpserver.rb:94:in `run'
  /home/student/.rbenv/versions/2.1.0/lib/ruby/2.1.0/webrick/server.rb:295:in `block in start_thread'


  Rendered /home/student/.rbenv/versions/2.1.0/lib/ruby/gems/2.1.0/gems/actionpack-4.0.2/lib/action_dispatch/middleware/templates/rescues/_source.erb (1.4ms)
  Rendered /home/student/.rbenv/versions/2.1.0/lib/ruby/gems/2.1.0/gems/actionpack-4.0.2/lib/action_dispatch/middleware/templates/rescues/_trace.erb (1.0ms)
  Rendered /home/student/.rbenv/versions/2.1.0/lib/ruby/gems/2.1.0/gems/actionpack-4.0.2/lib/action_dispatch/middleware/templates/rescues/_request_and_response.erb (15.1ms)
  Rendered /home/student/.rbenv/versions/2.1.0/lib/ruby/gems/2.1.0/gems/actionpack-4.0.2/lib/action_dispatch/middleware/templates/rescues/diagnostics.erb within rescues/layout (40.6ms)


Started GET "/" for 127.0.0.1 at 2014-04-19 17:02:56 -0400
Processing by Rails::WelcomeController#index as HTML
  Rendered /home/student/.rbenv/versions/2.1.0/lib/ruby/gems/2.1.0/gems/railties-4.0.2/lib/rails/templates/rails/welcome/index.html.erb (0.9ms)
Completed 200 OK in 5ms (Views: 4.5ms | ActiveRecord: 0.0ms)


Started GET "/books" for 127.0.0.1 at 2014-04-19 17:17:32 -0400
  [1m[36mActiveRecord::SchemaMigration Load (0.1ms)[0m  [1mSELECT "schema_migrations".* FROM "schema_migrations"[0m

ActionController::RoutingError (No route matches [GET] "/books"):
  actionpack (4.0.2) lib/action_dispatch/middleware/debug_exceptions.rb:21:in `call'
  actionpack (4.0.2) lib/action_dispatch/middleware/show_exceptions.rb:30:in `call'
  railties (4.0.2) lib/rails/rack/logger.rb:38:in `call_app'
  railties (4.0.2) lib/rails/rack/logger.rb:20:in `block in call'
  activesupport (4.0.2) lib/active_support/tagged_logging.rb:67:in `block in tagged'
  activesupport (4.0.2) lib/active_support/tagged_logging.rb:25:in `tagged'
  activesupport (4.0.2) lib/active_support/tagged_logging.rb:67:in `tagged'
  railties (4.0.2) lib/rails/rack/logger.rb:20:in `call'
  actionpack (4.0.2) lib/action_dispatch/middleware/request_id.rb:21:in `call'
  rack (1.5.2) lib/rack/methodoverride.rb:21:in `call'
  rack (1.5.2) lib/rack/runtime.rb:17:in `call'
  activesupport (4.0.2) lib/active_support/cache/strategy/local_cache.rb:83:in `call'
  rack (1.5.2) lib/rack/lock.rb:17:in `call'
  actionpack (4.0.2) lib/action_dispatch/middleware/static.rb:64:in `call'
  rack (1.5.2) lib/rack/sendfile.rb:112:in `call'
  railties (4.0.2) lib/rails/engine.rb:511:in `call'
  railties (4.0.2) lib/rails/application.rb:97:in `call'
  rack (1.5.2) lib/rack/lock.rb:17:in `call'
  rack (1.5.2) lib/rack/content_length.rb:14:in `call'
  rack (1.5.2) lib/rack/handler/webrick.rb:60:in `service'
  /home/student/.rbenv/versions/2.1.0/lib/ruby/2.1.0/webrick/httpserver.rb:138:in `service'
  /home/student/.rbenv/versions/2.1.0/lib/ruby/2.1.0/webrick/httpserver.rb:94:in `run'
  /home/student/.rbenv/versions/2.1.0/lib/ruby/2.1.0/webrick/server.rb:295:in `block in start_thread'


  Rendered /home/student/.rbenv/versions/2.1.0/lib/ruby/gems/2.1.0/gems/actionpack-4.0.2/lib/action_dispatch/middleware/templates/rescues/_trace.erb (0.9ms)
  Rendered /home/student/.rbenv/versions/2.1.0/lib/ruby/gems/2.1.0/gems/actionpack-4.0.2/lib/action_dispatch/middleware/templates/routes/_route.html.erb (0.5ms)
  Rendered /home/student/.rbenv/versions/2.1.0/lib/ruby/gems/2.1.0/gems/actionpack-4.0.2/lib/action_dispatch/middleware/templates/routes/_table.html.erb (2.7ms)
  Rendered /home/student/.rbenv/versions/2.1.0/lib/ruby/gems/2.1.0/gems/actionpack-4.0.2/lib/action_dispatch/middleware/templates/rescues/routing_error.erb within rescues/layout (16.8ms)


Started GET "/" for 127.0.0.1 at 2014-04-19 17:17:56 -0400
Processing by Rails::WelcomeController#index as HTML
  Rendered /home/student/.rbenv/versions/2.1.0/lib/ruby/gems/2.1.0/gems/railties-4.0.2/lib/rails/templates/rails/welcome/index.html.erb (0.9ms)
Completed 200 OK in 21ms (Views: 2.5ms | ActiveRecord: 0.0ms)


Started GET "/apps" for 127.0.0.1 at 2014-04-19 17:18:01 -0400

ActionController::RoutingError (No route matches [GET] "/apps"):
  actionpack (4.0.2) lib/action_dispatch/middleware/debug_exceptions.rb:21:in `call'
  actionpack (4.0.2) lib/action_dispatch/middleware/show_exceptions.rb:30:in `call'
  railties (4.0.2) lib/rails/rack/logger.rb:38:in `call_app'
  railties (4.0.2) lib/rails/rack/logger.rb:20:in `block in call'
  activesupport (4.0.2) lib/active_support/tagged_logging.rb:67:in `block in tagged'
  activesupport (4.0.2) lib/active_support/tagged_logging.rb:25:in `tagged'
  activesupport (4.0.2) lib/active_support/tagged_logging.rb:67:in `tagged'
  railties (4.0.2) lib/rails/rack/logger.rb:20:in `call'
  actionpack (4.0.2) lib/action_dispatch/middleware/request_id.rb:21:in `call'
  rack (1.5.2) lib/rack/methodoverride.rb:21:in `call'
  rack (1.5.2) lib/rack/runtime.rb:17:in `call'
  activesupport (4.0.2) lib/active_support/cache/strategy/local_cache.rb:83:in `call'
  rack (1.5.2) lib/rack/lock.rb:17:in `call'
  actionpack (4.0.2) lib/action_dispatch/middleware/static.rb:64:in `call'
  rack (1.5.2) lib/rack/sendfile.rb:112:in `call'
  railties (4.0.2) lib/rails/engine.rb:511:in `call'
  railties (4.0.2) lib/rails/application.rb:97:in `call'
  rack (1.5.2) lib/rack/lock.rb:17:in `call'
  rack (1.5.2) lib/rack/content_length.rb:14:in `call'
  rack (1.5.2) lib/rack/handler/webrick.rb:60:in `service'
  /home/student/.rbenv/versions/2.1.0/lib/ruby/2.1.0/webrick/httpserver.rb:138:in `service'
  /home/student/.rbenv/versions/2.1.0/lib/ruby/2.1.0/webrick/httpserver.rb:94:in `run'
  /home/student/.rbenv/versions/2.1.0/lib/ruby/2.1.0/webrick/server.rb:295:in `block in start_thread'


  Rendered /home/student/.rbenv/versions/2.1.0/lib/ruby/gems/2.1.0/gems/actionpack-4.0.2/lib/action_dispatch/middleware/templates/rescues/_trace.erb (1.4ms)
  Rendered /home/student/.rbenv/versions/2.1.0/lib/ruby/gems/2.1.0/gems/actionpack-4.0.2/lib/action_dispatch/middleware/templates/routes/_route.html.erb (1.0ms)
  Rendered /home/student/.rbenv/versions/2.1.0/lib/ruby/gems/2.1.0/gems/actionpack-4.0.2/lib/action_dispatch/middleware/templates/routes/_table.html.erb (1.4ms)
  Rendered /home/student/.rbenv/versions/2.1.0/lib/ruby/gems/2.1.0/gems/actionpack-4.0.2/lib/action_dispatch/middleware/templates/rescues/routing_error.erb within rescues/layout (21.4ms)


Started GET "/app" for 127.0.0.1 at 2014-04-19 17:18:04 -0400

ActionController::RoutingError (No route matches [GET] "/app"):
  actionpack (4.0.2) lib/action_dispatch/middleware/debug_exceptions.rb:21:in `call'
  actionpack (4.0.2) lib/action_dispatch/middleware/show_exceptions.rb:30:in `call'
  railties (4.0.2) lib/rails/rack/logger.rb:38:in `call_app'
  railties (4.0.2) lib/rails/rack/logger.rb:20:in `block in call'
  activesupport (4.0.2) lib/active_support/tagged_logging.rb:67:in `block in tagged'
  activesupport (4.0.2) lib/active_support/tagged_logging.rb:25:in `tagged'
  activesupport (4.0.2) lib/active_support/tagged_logging.rb:67:in `tagged'
  railties (4.0.2) lib/rails/rack/logger.rb:20:in `call'
  actionpack (4.0.2) lib/action_dispatch/middleware/request_id.rb:21:in `call'
  rack (1.5.2) lib/rack/methodoverride.rb:21:in `call'
  rack (1.5.2) lib/rack/runtime.rb:17:in `call'
  activesupport (4.0.2) lib/active_support/cache/strategy/local_cache.rb:83:in `call'
  rack (1.5.2) lib/rack/lock.rb:17:in `call'
  actionpack (4.0.2) lib/action_dispatch/middleware/static.rb:64:in `call'
  rack (1.5.2) lib/rack/sendfile.rb:112:in `call'
  railties (4.0.2) lib/rails/engine.rb:511:in `call'
  railties (4.0.2) lib/rails/application.rb:97:in `call'
  rack (1.5.2) lib/rack/lock.rb:17:in `call'
  rack (1.5.2) lib/rack/content_length.rb:14:in `call'
  rack (1.5.2) lib/rack/handler/webrick.rb:60:in `service'
  /home/student/.rbenv/versions/2.1.0/lib/ruby/2.1.0/webrick/httpserver.rb:138:in `service'
  /home/student/.rbenv/versions/2.1.0/lib/ruby/2.1.0/webrick/httpserver.rb:94:in `run'
  /home/student/.rbenv/versions/2.1.0/lib/ruby/2.1.0/webrick/server.rb:295:in `block in start_thread'


  Rendered /home/student/.rbenv/versions/2.1.0/lib/ruby/gems/2.1.0/gems/actionpack-4.0.2/lib/action_dispatch/middleware/templates/rescues/_trace.erb (0.8ms)
  Rendered /home/student/.rbenv/versions/2.1.0/lib/ruby/gems/2.1.0/gems/actionpack-4.0.2/lib/action_dispatch/middleware/templates/routes/_route.html.erb (0.5ms)
  Rendered /home/student/.rbenv/versions/2.1.0/lib/ruby/gems/2.1.0/gems/actionpack-4.0.2/lib/action_dispatch/middleware/templates/routes/_table.html.erb (0.7ms)
  Rendered /home/student/.rbenv/versions/2.1.0/lib/ruby/gems/2.1.0/gems/actionpack-4.0.2/lib/action_dispatch/middleware/templates/rescues/routing_error.erb within rescues/layout (11.7ms)


Started GET "/books" for 127.0.0.1 at 2014-04-19 17:18:34 -0400

ActionController::RoutingError (No route matches [GET] "/books"):
  actionpack (4.0.2) lib/action_dispatch/middleware/debug_exceptions.rb:21:in `call'
  actionpack (4.0.2) lib/action_dispatch/middleware/show_exceptions.rb:30:in `call'
  railties (4.0.2) lib/rails/rack/logger.rb:38:in `call_app'
  railties (4.0.2) lib/rails/rack/logger.rb:20:in `block in call'
  activesupport (4.0.2) lib/active_support/tagged_logging.rb:67:in `block in tagged'
  activesupport (4.0.2) lib/active_support/tagged_logging.rb:25:in `tagged'
  activesupport (4.0.2) lib/active_support/tagged_logging.rb:67:in `tagged'
  railties (4.0.2) lib/rails/rack/logger.rb:20:in `call'
  actionpack (4.0.2) lib/action_dispatch/middleware/request_id.rb:21:in `call'
  rack (1.5.2) lib/rack/methodoverride.rb:21:in `call'
  rack (1.5.2) lib/rack/runtime.rb:17:in `call'
  activesupport (4.0.2) lib/active_support/cache/strategy/local_cache.rb:83:in `call'
  rack (1.5.2) lib/rack/lock.rb:17:in `call'
  actionpack (4.0.2) lib/action_dispatch/middleware/static.rb:64:in `call'
  rack (1.5.2) lib/rack/sendfile.rb:112:in `call'
  railties (4.0.2) lib/rails/engine.rb:511:in `call'
  railties (4.0.2) lib/rails/application.rb:97:in `call'
  rack (1.5.2) lib/rack/lock.rb:17:in `call'
  rack (1.5.2) lib/rack/content_length.rb:14:in `call'
  rack (1.5.2) lib/rack/handler/webrick.rb:60:in `service'
  /home/student/.rbenv/versions/2.1.0/lib/ruby/2.1.0/webrick/httpserver.rb:138:in `service'
  /home/student/.rbenv/versions/2.1.0/lib/ruby/2.1.0/webrick/httpserver.rb:94:in `run'
  /home/student/.rbenv/versions/2.1.0/lib/ruby/2.1.0/webrick/server.rb:295:in `block in start_thread'


  Rendered /home/student/.rbenv/versions/2.1.0/lib/ruby/gems/2.1.0/gems/actionpack-4.0.2/lib/action_dispatch/middleware/templates/rescues/_trace.erb (1.4ms)
  Rendered /home/student/.rbenv/versions/2.1.0/lib/ruby/gems/2.1.0/gems/actionpack-4.0.2/lib/action_dispatch/middleware/templates/routes/_route.html.erb (1.0ms)
  Rendered /home/student/.rbenv/versions/2.1.0/lib/ruby/gems/2.1.0/gems/actionpack-4.0.2/lib/action_dispatch/middleware/templates/routes/_table.html.erb (0.8ms)
  Rendered /home/student/.rbenv/versions/2.1.0/lib/ruby/gems/2.1.0/gems/actionpack-4.0.2/lib/action_dispatch/middleware/templates/rescues/routing_error.erb within rescues/layout (19.9ms)


Started GET "/books" for 127.0.0.1 at 2014-04-19 17:18:41 -0400

ActionController::RoutingError (No route matches [GET] "/books"):
  actionpack (4.0.2) lib/action_dispatch/middleware/debug_exceptions.rb:21:in `call'
  actionpack (4.0.2) lib/action_dispatch/middleware/show_exceptions.rb:30:in `call'
  railties (4.0.2) lib/rails/rack/logger.rb:38:in `call_app'
  railties (4.0.2) lib/rails/rack/logger.rb:20:in `block in call'
  activesupport (4.0.2) lib/active_support/tagged_logging.rb:67:in `block in tagged'
  activesupport (4.0.2) lib/active_support/tagged_logging.rb:25:in `tagged'
  activesupport (4.0.2) lib/active_support/tagged_logging.rb:67:in `tagged'
  railties (4.0.2) lib/rails/rack/logger.rb:20:in `call'
  actionpack (4.0.2) lib/action_dispatch/middleware/request_id.rb:21:in `call'
  rack (1.5.2) lib/rack/methodoverride.rb:21:in `call'
  rack (1.5.2) lib/rack/runtime.rb:17:in `call'
  activesupport (4.0.2) lib/active_support/cache/strategy/local_cache.rb:83:in `call'
  rack (1.5.2) lib/rack/lock.rb:17:in `call'
  actionpack (4.0.2) lib/action_dispatch/middleware/static.rb:64:in `call'
  rack (1.5.2) lib/rack/sendfile.rb:112:in `call'
  railties (4.0.2) lib/rails/engine.rb:511:in `call'
  railties (4.0.2) lib/rails/application.rb:97:in `call'
  rack (1.5.2) lib/rack/lock.rb:17:in `call'
  rack (1.5.2) lib/rack/content_length.rb:14:in `call'
  rack (1.5.2) lib/rack/handler/webrick.rb:60:in `service'
  /home/student/.rbenv/versions/2.1.0/lib/ruby/2.1.0/webrick/httpserver.rb:138:in `service'
  /home/student/.rbenv/versions/2.1.0/lib/ruby/2.1.0/webrick/httpserver.rb:94:in `run'
  /home/student/.rbenv/versions/2.1.0/lib/ruby/2.1.0/webrick/server.rb:295:in `block in start_thread'


  Rendered /home/student/.rbenv/versions/2.1.0/lib/ruby/gems/2.1.0/gems/actionpack-4.0.2/lib/action_dispatch/middleware/templates/rescues/_trace.erb (1.7ms)
  Rendered /home/student/.rbenv/versions/2.1.0/lib/ruby/gems/2.1.0/gems/actionpack-4.0.2/lib/action_dispatch/middleware/templates/routes/_route.html.erb (0.5ms)
  Rendered /home/student/.rbenv/versions/2.1.0/lib/ruby/gems/2.1.0/gems/actionpack-4.0.2/lib/action_dispatch/middleware/templates/routes/_table.html.erb (0.8ms)
  Rendered /home/student/.rbenv/versions/2.1.0/lib/ruby/gems/2.1.0/gems/actionpack-4.0.2/lib/action_dispatch/middleware/templates/rescues/routing_error.erb within rescues/layout (18.6ms)


Started GET "/" for 127.0.0.1 at 2014-04-22 22:07:39 -0400
  [1m[36mActiveRecord::SchemaMigration Load (0.1ms)[0m  [1mSELECT "schema_migrations".* FROM "schema_migrations"[0m
Processing by Rails::WelcomeController#index as HTML
  Rendered /home/student/.rbenv/versions/2.1.0/lib/ruby/gems/2.1.0/gems/railties-4.0.2/lib/rails/templates/rails/welcome/index.html.erb (1.7ms)
Completed 200 OK in 22ms (Views: 6.6ms | ActiveRecord: 0.0ms)


Started GET "/wines" for 127.0.0.1 at 2014-04-22 22:07:45 -0400

SyntaxError (/home/student/Workspace/wine_review/app/controllers/wines_controller.rb:5: syntax error, unexpected keyword_end, expecting end-of-input):
  activesupport (4.0.2) lib/active_support/dependencies.rb:424:in `load'
  activesupport (4.0.2) lib/active_support/dependencies.rb:424:in `block in load_file'
  activesupport (4.0.2) lib/active_support/dependencies.rb:616:in `new_constants_in'
  activesupport (4.0.2) lib/active_support/dependencies.rb:423:in `load_file'
  activesupport (4.0.2) lib/active_support/dependencies.rb:324:in `require_or_load'
  activesupport (4.0.2) lib/active_support/dependencies.rb:463:in `load_missing_constant'
  activesupport (4.0.2) lib/active_support/dependencies.rb:184:in `const_missing'
  activesupport (4.0.2) lib/active_support/inflector/methods.rb:226:in `const_get'
  activesupport (4.0.2) lib/active_support/inflector/methods.rb:226:in `block in constantize'
  activesupport (4.0.2) lib/active_support/inflector/methods.rb:224:in `each'
  activesupport (4.0.2) lib/active_support/inflector/methods.rb:224:in `inject'
  activesupport (4.0.2) lib/active_support/inflector/methods.rb:224:in `constantize'
  activesupport (4.0.2) lib/active_support/dependencies.rb:535:in `get'
  activesupport (4.0.2) lib/active_support/dependencies.rb:566:in `constantize'
  actionpack (4.0.2) lib/action_dispatch/routing/route_set.rb:76:in `controller_reference'
  actionpack (4.0.2) lib/action_dispatch/routing/route_set.rb:66:in `controller'
  actionpack (4.0.2) lib/action_dispatch/routing/route_set.rb:44:in `call'
  actionpack (4.0.2) lib/action_dispatch/journey/router.rb:71:in `block in call'
  actionpack (4.0.2) lib/action_dispatch/journey/router.rb:59:in `each'
  actionpack (4.0.2) lib/action_dispatch/journey/router.rb:59:in `call'
  actionpack (4.0.2) lib/action_dispatch/routing/route_set.rb:680:in `call'
  rack (1.5.2) lib/rack/etag.rb:23:in `call'
  rack (1.5.2) lib/rack/conditionalget.rb:25:in `call'
  rack (1.5.2) lib/rack/head.rb:11:in `call'
  actionpack (4.0.2) lib/action_dispatch/middleware/params_parser.rb:27:in `call'
  actionpack (4.0.2) lib/action_dispatch/middleware/flash.rb:241:in `call'
  rack (1.5.2) lib/rack/session/abstract/id.rb:225:in `context'
  rack (1.5.2) lib/rack/session/abstract/id.rb:220:in `call'
  actionpack (4.0.2) lib/action_dispatch/middleware/cookies.rb:486:in `call'
  activerecord (4.0.2) lib/active_record/query_cache.rb:36:in `call'
  activerecord (4.0.2) lib/active_record/connection_adapters/abstract/connection_pool.rb:626:in `call'
  activerecord (4.0.2) lib/active_record/migration.rb:369:in `call'
  actionpack (4.0.2) lib/action_dispatch/middleware/callbacks.rb:29:in `block in call'
  activesupport (4.0.2) lib/active_support/callbacks.rb:373:in `_run__224667450__call__callbacks'
  activesupport (4.0.2) lib/active_support/callbacks.rb:80:in `run_callbacks'
  actionpack (4.0.2) lib/action_dispatch/middleware/callbacks.rb:27:in `call'
  actionpack (4.0.2) lib/action_dispatch/middleware/reloader.rb:64:in `call'
  actionpack (4.0.2) lib/action_dispatch/middleware/remote_ip.rb:76:in `call'
  actionpack (4.0.2) lib/action_dispatch/middleware/debug_exceptions.rb:17:in `call'
  actionpack (4.0.2) lib/action_dispatch/middleware/show_exceptions.rb:30:in `call'
  railties (4.0.2) lib/rails/rack/logger.rb:38:in `call_app'
  railties (4.0.2) lib/rails/rack/logger.rb:20:in `block in call'
  activesupport (4.0.2) lib/active_support/tagged_logging.rb:67:in `block in tagged'
  activesupport (4.0.2) lib/active_support/tagged_logging.rb:25:in `tagged'
  activesupport (4.0.2) lib/active_support/tagged_logging.rb:67:in `tagged'
  railties (4.0.2) lib/rails/rack/logger.rb:20:in `call'
  actionpack (4.0.2) lib/action_dispatch/middleware/request_id.rb:21:in `call'
  rack (1.5.2) lib/rack/methodoverride.rb:21:in `call'
  rack (1.5.2) lib/rack/runtime.rb:17:in `call'
  activesupport (4.0.2) lib/active_support/cache/strategy/local_cache.rb:83:in `call'
  rack (1.5.2) lib/rack/lock.rb:17:in `call'
  actionpack (4.0.2) lib/action_dispatch/middleware/static.rb:64:in `call'
  rack (1.5.2) lib/rack/sendfile.rb:112:in `call'
  railties (4.0.2) lib/rails/engine.rb:511:in `call'
  railties (4.0.2) lib/rails/application.rb:97:in `call'
  rack (1.5.2) lib/rack/lock.rb:17:in `call'
  rack (1.5.2) lib/rack/content_length.rb:14:in `call'
  rack (1.5.2) lib/rack/handler/webrick.rb:60:in `service'
  /home/student/.rbenv/versions/2.1.0/lib/ruby/2.1.0/webrick/httpserver.rb:138:in `service'
  /home/student/.rbenv/versions/2.1.0/lib/ruby/2.1.0/webrick/httpserver.rb:94:in `run'
  /home/student/.rbenv/versions/2.1.0/lib/ruby/2.1.0/webrick/server.rb:295:in `block in start_thread'


  Rendered /home/student/.rbenv/versions/2.1.0/lib/ruby/gems/2.1.0/gems/actionpack-4.0.2/lib/action_dispatch/middleware/templates/rescues/_source.erb (0.5ms)
  Rendered /home/student/.rbenv/versions/2.1.0/lib/ruby/gems/2.1.0/gems/actionpack-4.0.2/lib/action_dispatch/middleware/templates/rescues/_trace.erb (1.1ms)
  Rendered /home/student/.rbenv/versions/2.1.0/lib/ruby/gems/2.1.0/gems/actionpack-4.0.2/lib/action_dispatch/middleware/templates/rescues/_request_and_response.erb (1.0ms)
  Rendered /home/student/.rbenv/versions/2.1.0/lib/ruby/gems/2.1.0/gems/actionpack-4.0.2/lib/action_dispatch/middleware/templates/rescues/diagnostics.erb within rescues/layout (12.9ms)
  [1m[36mActiveRecord::SchemaMigration Load (0.1ms)[0m  [1mSELECT "schema_migrations".* FROM "schema_migrations"[0m
  [1m[35mActiveRecord::SchemaMigration Load (0.1ms)[0m  SELECT "schema_migrations".* FROM "schema_migrations"
  [1m[36m (0.1ms)[0m  [1mSELECT version FROM schema_migrations[0m


Started GET "/winery" for 127.0.0.1 at 2014-04-22 22:28:52 -0400

ActionController::RoutingError (No route matches [GET] "/winery"):
  actionpack (4.0.2) lib/action_dispatch/middleware/debug_exceptions.rb:21:in `call'
  actionpack (4.0.2) lib/action_dispatch/middleware/show_exceptions.rb:30:in `call'
  railties (4.0.2) lib/rails/rack/logger.rb:38:in `call_app'
  railties (4.0.2) lib/rails/rack/logger.rb:20:in `block in call'
  activesupport (4.0.2) lib/active_support/tagged_logging.rb:67:in `block in tagged'
  activesupport (4.0.2) lib/active_support/tagged_logging.rb:25:in `tagged'
  activesupport (4.0.2) lib/active_support/tagged_logging.rb:67:in `tagged'
  railties (4.0.2) lib/rails/rack/logger.rb:20:in `call'
  actionpack (4.0.2) lib/action_dispatch/middleware/request_id.rb:21:in `call'
  rack (1.5.2) lib/rack/methodoverride.rb:21:in `call'
  rack (1.5.2) lib/rack/runtime.rb:17:in `call'
  activesupport (4.0.2) lib/active_support/cache/strategy/local_cache.rb:83:in `call'
  rack (1.5.2) lib/rack/lock.rb:17:in `call'
  actionpack (4.0.2) lib/action_dispatch/middleware/static.rb:64:in `call'
  rack (1.5.2) lib/rack/sendfile.rb:112:in `call'
  railties (4.0.2) lib/rails/engine.rb:511:in `call'
  railties (4.0.2) lib/rails/application.rb:97:in `call'
  rack (1.5.2) lib/rack/lock.rb:17:in `call'
  rack (1.5.2) lib/rack/content_length.rb:14:in `call'
  rack (1.5.2) lib/rack/handler/webrick.rb:60:in `service'
  /home/student/.rbenv/versions/2.1.0/lib/ruby/2.1.0/webrick/httpserver.rb:138:in `service'
  /home/student/.rbenv/versions/2.1.0/lib/ruby/2.1.0/webrick/httpserver.rb:94:in `run'
  /home/student/.rbenv/versions/2.1.0/lib/ruby/2.1.0/webrick/server.rb:295:in `block in start_thread'


  Rendered /home/student/.rbenv/versions/2.1.0/lib/ruby/gems/2.1.0/gems/actionpack-4.0.2/lib/action_dispatch/middleware/templates/rescues/_trace.erb (2.3ms)
  Rendered /home/student/.rbenv/versions/2.1.0/lib/ruby/gems/2.1.0/gems/actionpack-4.0.2/lib/action_dispatch/middleware/templates/routes/_route.html.erb (0.8ms)
  Rendered /home/student/.rbenv/versions/2.1.0/lib/ruby/gems/2.1.0/gems/actionpack-4.0.2/lib/action_dispatch/middleware/templates/routes/_table.html.erb (4.6ms)
  Rendered /home/student/.rbenv/versions/2.1.0/lib/ruby/gems/2.1.0/gems/actionpack-4.0.2/lib/action_dispatch/middleware/templates/rescues/routing_error.erb within rescues/layout (24.5ms)


Started GET "/wines" for 127.0.0.1 at 2014-04-22 22:29:02 -0400

SyntaxError (/home/student/Workspace/wine_review/app/controllers/wines_controller.rb:8: syntax error, unexpected end-of-input, expecting keyword_end):
  activesupport (4.0.2) lib/active_support/dependencies.rb:424:in `load'
  activesupport (4.0.2) lib/active_support/dependencies.rb:424:in `block in load_file'
  activesupport (4.0.2) lib/active_support/dependencies.rb:616:in `new_constants_in'
  activesupport (4.0.2) lib/active_support/dependencies.rb:423:in `load_file'
  activesupport (4.0.2) lib/active_support/dependencies.rb:324:in `require_or_load'
  activesupport (4.0.2) lib/active_support/dependencies.rb:463:in `load_missing_constant'
  activesupport (4.0.2) lib/active_support/dependencies.rb:184:in `const_missing'
  activesupport (4.0.2) lib/active_support/inflector/methods.rb:226:in `const_get'
  activesupport (4.0.2) lib/active_support/inflector/methods.rb:226:in `block in constantize'
  activesupport (4.0.2) lib/active_support/inflector/methods.rb:224:in `each'
  activesupport (4.0.2) lib/active_support/inflector/methods.rb:224:in `inject'
  activesupport (4.0.2) lib/active_support/inflector/methods.rb:224:in `constantize'
  activesupport (4.0.2) lib/active_support/dependencies.rb:535:in `get'
  activesupport (4.0.2) lib/active_support/dependencies.rb:566:in `constantize'
  actionpack (4.0.2) lib/action_dispatch/routing/route_set.rb:76:in `controller_reference'
  actionpack (4.0.2) lib/action_dispatch/routing/route_set.rb:66:in `controller'
  actionpack (4.0.2) lib/action_dispatch/routing/route_set.rb:44:in `call'
  actionpack (4.0.2) lib/action_dispatch/journey/router.rb:71:in `block in call'
  actionpack (4.0.2) lib/action_dispatch/journey/router.rb:59:in `each'
  actionpack (4.0.2) lib/action_dispatch/journey/router.rb:59:in `call'
  actionpack (4.0.2) lib/action_dispatch/routing/route_set.rb:680:in `call'
  rack (1.5.2) lib/rack/etag.rb:23:in `call'
  rack (1.5.2) lib/rack/conditionalget.rb:25:in `call'
  rack (1.5.2) lib/rack/head.rb:11:in `call'
  actionpack (4.0.2) lib/action_dispatch/middleware/params_parser.rb:27:in `call'
  actionpack (4.0.2) lib/action_dispatch/middleware/flash.rb:241:in `call'
  rack (1.5.2) lib/rack/session/abstract/id.rb:225:in `context'
  rack (1.5.2) lib/rack/session/abstract/id.rb:220:in `call'
  actionpack (4.0.2) lib/action_dispatch/middleware/cookies.rb:486:in `call'
  activerecord (4.0.2) lib/active_record/query_cache.rb:36:in `call'
  activerecord (4.0.2) lib/active_record/connection_adapters/abstract/connection_pool.rb:626:in `call'
  activerecord (4.0.2) lib/active_record/migration.rb:369:in `call'
  actionpack (4.0.2) lib/action_dispatch/middleware/callbacks.rb:29:in `block in call'
  activesupport (4.0.2) lib/active_support/callbacks.rb:373:in `_run__224667450__call__callbacks'
  activesupport (4.0.2) lib/active_support/callbacks.rb:80:in `run_callbacks'
  actionpack (4.0.2) lib/action_dispatch/middleware/callbacks.rb:27:in `call'
  actionpack (4.0.2) lib/action_dispatch/middleware/reloader.rb:64:in `call'
  actionpack (4.0.2) lib/action_dispatch/middleware/remote_ip.rb:76:in `call'
  actionpack (4.0.2) lib/action_dispatch/middleware/debug_exceptions.rb:17:in `call'
  actionpack (4.0.2) lib/action_dispatch/middleware/show_exceptions.rb:30:in `call'
  railties (4.0.2) lib/rails/rack/logger.rb:38:in `call_app'
  railties (4.0.2) lib/rails/rack/logger.rb:20:in `block in call'
  activesupport (4.0.2) lib/active_support/tagged_logging.rb:67:in `block in tagged'
  activesupport (4.0.2) lib/active_support/tagged_logging.rb:25:in `tagged'
  activesupport (4.0.2) lib/active_support/tagged_logging.rb:67:in `tagged'
  railties (4.0.2) lib/rails/rack/logger.rb:20:in `call'
  actionpack (4.0.2) lib/action_dispatch/middleware/request_id.rb:21:in `call'
  rack (1.5.2) lib/rack/methodoverride.rb:21:in `call'
  rack (1.5.2) lib/rack/runtime.rb:17:in `call'
  activesupport (4.0.2) lib/active_support/cache/strategy/local_cache.rb:83:in `call'
  rack (1.5.2) lib/rack/lock.rb:17:in `call'
  actionpack (4.0.2) lib/action_dispatch/middleware/static.rb:64:in `call'
  rack (1.5.2) lib/rack/sendfile.rb:112:in `call'
  railties (4.0.2) lib/rails/engine.rb:511:in `call'
  railties (4.0.2) lib/rails/application.rb:97:in `call'
  rack (1.5.2) lib/rack/lock.rb:17:in `call'
  rack (1.5.2) lib/rack/content_length.rb:14:in `call'
  rack (1.5.2) lib/rack/handler/webrick.rb:60:in `service'
  /home/student/.rbenv/versions/2.1.0/lib/ruby/2.1.0/webrick/httpserver.rb:138:in `service'
  /home/student/.rbenv/versions/2.1.0/lib/ruby/2.1.0/webrick/httpserver.rb:94:in `run'
  /home/student/.rbenv/versions/2.1.0/lib/ruby/2.1.0/webrick/server.rb:295:in `block in start_thread'


  Rendered /home/student/.rbenv/versions/2.1.0/lib/ruby/gems/2.1.0/gems/actionpack-4.0.2/lib/action_dispatch/middleware/templates/rescues/_source.erb (0.5ms)
  Rendered /home/student/.rbenv/versions/2.1.0/lib/ruby/gems/2.1.0/gems/actionpack-4.0.2/lib/action_dispatch/middleware/templates/rescues/_trace.erb (1.0ms)
  Rendered /home/student/.rbenv/versions/2.1.0/lib/ruby/gems/2.1.0/gems/actionpack-4.0.2/lib/action_dispatch/middleware/templates/rescues/_request_and_response.erb (1.0ms)
  Rendered /home/student/.rbenv/versions/2.1.0/lib/ruby/gems/2.1.0/gems/actionpack-4.0.2/lib/action_dispatch/middleware/templates/rescues/diagnostics.erb within rescues/layout (12.4ms)


Started GET "/wines" for 127.0.0.1 at 2014-04-22 22:30:18 -0400
Processing by WinesController#index as HTML
ERROR: compiling _app_views_wines_index_html_erb__375061011__602234008 RAISED /home/student/Workspace/wine_review/app/views/wines/index.html.erb:6: syntax error, unexpected ')', expecting keyword_end
..._buffer.append=( wine.winery) );@output_buffer.safe_append='...
...                               ^
Function body:           def _app_views_wines_index_html_erb__375061011__602234008(local_assigns, output_buffer)
            _old_virtual_path, @virtual_path = @virtual_path, "wines/index";_old_output_buffer = @output_buffer;;@output_buffer = output_buffer || ActionView::OutputBuffer.new;@output_buffer.safe_append='<h1>Wines</h1>


<ol>
';    @wines.each do |wine| 
@output_buffer.safe_append='     <li>';@output_buffer.append=( link_to(wine.name, wine) );@output_buffer.safe_append=' from ';@output_buffer.append=( wine.winery) );@output_buffer.safe_append=' type ';@output_buffer.append=( wine.varietal );@output_buffer.safe_append='</li>
';    end 
@output_buffer.safe_append=' </ol>
 ';@output_buffer.to_s
          ensure
            @virtual_path, @output_buffer = _old_virtual_path, _old_output_buffer
          end

Backtrace: /home/student/.rbenv/versions/2.1.0/lib/ruby/gems/2.1.0/gems/actionpack-4.0.2/lib/action_view/template.rb:299:in `module_eval'
/home/student/.rbenv/versions/2.1.0/lib/ruby/gems/2.1.0/gems/actionpack-4.0.2/lib/action_view/template.rb:299:in `compile'
/home/student/.rbenv/versions/2.1.0/lib/ruby/gems/2.1.0/gems/actionpack-4.0.2/lib/action_view/template.rb:248:in `block in compile!'
/home/student/.rbenv/versions/2.1.0/lib/ruby/gems/2.1.0/gems/actionpack-4.0.2/lib/action_view/template.rb:236:in `synchronize'
/home/student/.rbenv/versions/2.1.0/lib/ruby/gems/2.1.0/gems/actionpack-4.0.2/lib/action_view/template.rb:236:in `compile!'
/home/student/.rbenv/versions/2.1.0/lib/ruby/gems/2.1.0/gems/actionpack-4.0.2/lib/action_view/template.rb:142:in `block in render'
/home/student/.rbenv/versions/2.1.0/lib/ruby/gems/2.1.0/gems/activesupport-4.0.2/lib/active_support/notifications.rb:161:in `instrument'
/home/student/.rbenv/versions/2.1.0/lib/ruby/gems/2.1.0/gems/actionpack-4.0.2/lib/action_view/template.rb:141:in `render'
/home/student/.rbenv/versions/2.1.0/lib/ruby/gems/2.1.0/gems/actionpack-4.0.2/lib/action_view/renderer/template_renderer.rb:49:in `block (2 levels) in render_template'
/home/student/.rbenv/versions/2.1.0/lib/ruby/gems/2.1.0/gems/actionpack-4.0.2/lib/action_view/renderer/abstract_renderer.rb:38:in `block in instrument'
/home/student/.rbenv/versions/2.1.0/lib/ruby/gems/2.1.0/gems/activesupport-4.0.2/lib/active_support/notifications.rb:159:in `block in instrument'
/home/student/.rbenv/versions/2.1.0/lib/ruby/gems/2.1.0/gems/activesupport-4.0.2/lib/active_support/notifications/instrumenter.rb:20:in `instrument'
/home/student/.rbenv/versions/2.1.0/lib/ruby/gems/2.1.0/gems/activesupport-4.0.2/lib/active_support/notifications.rb:159:in `instrument'
/home/student/.rbenv/versions/2.1.0/lib/ruby/gems/2.1.0/gems/actionpack-4.0.2/lib/action_view/renderer/abstract_renderer.rb:38:in `instrument'
/home/student/.rbenv/versions/2.1.0/lib/ruby/gems/2.1.0/gems/actionpack-4.0.2/lib/action_view/renderer/template_renderer.rb:48:in `block in render_template'
/home/student/.rbenv/versions/2.1.0/lib/ruby/gems/2.1.0/gems/actionpack-4.0.2/lib/action_view/renderer/template_renderer.rb:56:in `render_with_layout'
/home/student/.rbenv/versions/2.1.0/lib/ruby/gems/2.1.0/gems/actionpack-4.0.2/lib/action_view/renderer/template_renderer.rb:47:in `render_template'
/home/student/.rbenv/versions/2.1.0/lib/ruby/gems/2.1.0/gems/actionpack-4.0.2/lib/action_view/renderer/template_renderer.rb:17:in `render'
/home/student/.rbenv/versions/2.1.0/lib/ruby/gems/2.1.0/gems/actionpack-4.0.2/lib/action_view/renderer/renderer.rb:42:in `render_template'
/home/student/.rbenv/versions/2.1.0/lib/ruby/gems/2.1.0/gems/actionpack-4.0.2/lib/action_view/renderer/renderer.rb:23:in `render'
/home/student/.rbenv/versions/2.1.0/lib/ruby/gems/2.1.0/gems/actionpack-4.0.2/lib/abstract_controller/rendering.rb:127:in `_render_template'
/home/student/.rbenv/versions/2.1.0/lib/ruby/gems/2.1.0/gems/actionpack-4.0.2/lib/action_controller/metal/streaming.rb:219:in `_render_template'
/home/student/.rbenv/versions/2.1.0/lib/ruby/gems/2.1.0/gems/actionpack-4.0.2/lib/abstract_controller/rendering.rb:120:in `render_to_body'
/home/student/.rbenv/versions/2.1.0/lib/ruby/gems/2.1.0/gems/actionpack-4.0.2/lib/action_controller/metal/rendering.rb:33:in `render_to_body'
/home/student/.rbenv/versions/2.1.0/lib/ruby/gems/2.1.0/gems/actionpack-4.0.2/lib/action_controller/metal/renderers.rb:26:in `render_to_body'
/home/student/.rbenv/versions/2.1.0/lib/ruby/gems/2.1.0/gems/actionpack-4.0.2/lib/abstract_controller/rendering.rb:97:in `render'
/home/student/.rbenv/versions/2.1.0/lib/ruby/gems/2.1.0/gems/actionpack-4.0.2/lib/action_controller/metal/rendering.rb:16:in `render'
/home/student/.rbenv/versions/2.1.0/lib/ruby/gems/2.1.0/gems/actionpack-4.0.2/lib/action_controller/metal/instrumentation.rb:41:in `block (2 levels) in render'
/home/student/.rbenv/versions/2.1.0/lib/ruby/gems/2.1.0/gems/activesupport-4.0.2/lib/active_support/core_ext/benchmark.rb:12:in `block in ms'
/home/student/.rbenv/versions/2.1.0/lib/ruby/2.1.0/benchmark.rb:294:in `realtime'
/home/student/.rbenv/versions/2.1.0/lib/ruby/gems/2.1.0/gems/activesupport-4.0.2/lib/active_support/core_ext/benchmark.rb:12:in `ms'
/home/student/.rbenv/versions/2.1.0/lib/ruby/gems/2.1.0/gems/actionpack-4.0.2/lib/action_controller/metal/instrumentation.rb:41:in `block in render'
/home/student/.rbenv/versions/2.1.0/lib/ruby/gems/2.1.0/gems/actionpack-4.0.2/lib/action_controller/metal/instrumentation.rb:84:in `cleanup_view_runtime'
/home/student/.rbenv/versions/2.1.0/lib/ruby/gems/2.1.0/gems/activerecord-4.0.2/lib/active_record/railties/controller_runtime.rb:25:in `cleanup_view_runtime'
/home/student/.rbenv/versions/2.1.0/lib/ruby/gems/2.1.0/gems/actionpack-4.0.2/lib/action_controller/metal/instrumentation.rb:40:in `render'
/home/student/.rbenv/versions/2.1.0/lib/ruby/gems/2.1.0/gems/actionpack-4.0.2/lib/action_controller/metal/implicit_render.rb:10:in `default_render'
/home/student/.rbenv/versions/2.1.0/lib/ruby/gems/2.1.0/gems/actionpack-4.0.2/lib/action_controller/metal/implicit_render.rb:5:in `send_action'
/home/student/.rbenv/versions/2.1.0/lib/ruby/gems/2.1.0/gems/actionpack-4.0.2/lib/abstract_controller/base.rb:189:in `process_action'
/home/student/.rbenv/versions/2.1.0/lib/ruby/gems/2.1.0/gems/actionpack-4.0.2/lib/action_controller/metal/rendering.rb:10:in `process_action'
/home/student/.rbenv/versions/2.1.0/lib/ruby/gems/2.1.0/gems/actionpack-4.0.2/lib/abstract_controller/callbacks.rb:18:in `block in process_action'
/home/student/.rbenv/versions/2.1.0/lib/ruby/gems/2.1.0/gems/activesupport-4.0.2/lib/active_support/callbacks.rb:403:in `_run__700043724__process_action__callbacks'
/home/student/.rbenv/versions/2.1.0/lib/ruby/gems/2.1.0/gems/activesupport-4.0.2/lib/active_support/callbacks.rb:80:in `run_callbacks'
/home/student/.rbenv/versions/2.1.0/lib/ruby/gems/2.1.0/gems/actionpack-4.0.2/lib/abstract_controller/callbacks.rb:17:in `process_action'
/home/student/.rbenv/versions/2.1.0/lib/ruby/gems/2.1.0/gems/actionpack-4.0.2/lib/action_controller/metal/rescue.rb:29:in `process_action'
/home/student/.rbenv/versions/2.1.0/lib/ruby/gems/2.1.0/gems/actionpack-4.0.2/lib/action_controller/metal/instrumentation.rb:31:in `block in process_action'
/home/student/.rbenv/versions/2.1.0/lib/ruby/gems/2.1.0/gems/activesupport-4.0.2/lib/active_support/notifications.rb:159:in `block in instrument'
/home/student/.rbenv/versions/2.1.0/lib/ruby/gems/2.1.0/gems/activesupport-4.0.2/lib/active_support/notifications/instrumenter.rb:20:in `instrument'
/home/student/.rbenv/versions/2.1.0/lib/ruby/gems/2.1.0/gems/activesupport-4.0.2/lib/active_support/notifications.rb:159:in `instrument'
/home/student/.rbenv/versions/2.1.0/lib/ruby/gems/2.1.0/gems/actionpack-4.0.2/lib/action_controller/metal/instrumentation.rb:30:in `process_action'
/home/student/.rbenv/versions/2.1.0/lib/ruby/gems/2.1.0/gems/actionpack-4.0.2/lib/action_controller/metal/params_wrapper.rb:245:in `process_action'
/home/student/.rbenv/versions/2.1.0/lib/ruby/gems/2.1.0/gems/activerecord-4.0.2/lib/active_record/railties/controller_runtime.rb:18:in `process_action'
/home/student/.rbenv/versions/2.1.0/lib/ruby/gems/2.1.0/gems/actionpack-4.0.2/lib/abstract_controller/base.rb:136:in `process'
/home/student/.rbenv/versions/2.1.0/lib/ruby/gems/2.1.0/gems/actionpack-4.0.2/lib/abstract_controller/rendering.rb:44:in `process'
/home/student/.rbenv/versions/2.1.0/lib/ruby/gems/2.1.0/gems/actionpack-4.0.2/lib/action_controller/metal.rb:195:in `dispatch'
/home/student/.rbenv/versions/2.1.0/lib/ruby/gems/2.1.0/gems/actionpack-4.0.2/lib/action_controller/metal/rack_delegation.rb:13:in `dispatch'
/home/student/.rbenv/versions/2.1.0/lib/ruby/gems/2.1.0/gems/actionpack-4.0.2/lib/action_controller/metal.rb:231:in `block in action'
/home/student/.rbenv/versions/2.1.0/lib/ruby/gems/2.1.0/gems/actionpack-4.0.2/lib/action_dispatch/routing/route_set.rb:80:in `call'
/home/student/.rbenv/versions/2.1.0/lib/ruby/gems/2.1.0/gems/actionpack-4.0.2/lib/action_dispatch/routing/route_set.rb:80:in `dispatch'
/home/student/.rbenv/versions/2.1.0/lib/ruby/gems/2.1.0/gems/actionpack-4.0.2/lib/action_dispatch/routing/route_set.rb:48:in `call'
/home/student/.rbenv/versions/2.1.0/lib/ruby/gems/2.1.0/gems/actionpack-4.0.2/lib/action_dispatch/journey/router.rb:71:in `block in call'
/home/student/.rbenv/versions/2.1.0/lib/ruby/gems/2.1.0/gems/actionpack-4.0.2/lib/action_dispatch/journey/router.rb:59:in `each'
/home/student/.rbenv/versions/2.1.0/lib/ruby/gems/2.1.0/gems/actionpack-4.0.2/lib/action_dispatch/journey/router.rb:59:in `call'
/home/student/.rbenv/versions/2.1.0/lib/ruby/gems/2.1.0/gems/actionpack-4.0.2/lib/action_dispatch/routing/route_set.rb:680:in `call'
/home/student/.rbenv/versions/2.1.0/lib/ruby/gems/2.1.0/gems/rack-1.5.2/lib/rack/etag.rb:23:in `call'
/home/student/.rbenv/versions/2.1.0/lib/ruby/gems/2.1.0/gems/rack-1.5.2/lib/rack/conditionalget.rb:25:in `call'
/home/student/.rbenv/versions/2.1.0/lib/ruby/gems/2.1.0/gems/rack-1.5.2/lib/rack/head.rb:11:in `call'
/home/student/.rbenv/versions/2.1.0/lib/ruby/gems/2.1.0/gems/actionpack-4.0.2/lib/action_dispatch/middleware/params_parser.rb:27:in `call'
/home/student/.rbenv/versions/2.1.0/lib/ruby/gems/2.1.0/gems/actionpack-4.0.2/lib/action_dispatch/middleware/flash.rb:241:in `call'
/home/student/.rbenv/versions/2.1.0/lib/ruby/gems/2.1.0/gems/rack-1.5.2/lib/rack/session/abstract/id.rb:225:in `context'
/home/student/.rbenv/versions/2.1.0/lib/ruby/gems/2.1.0/gems/rack-1.5.2/lib/rack/session/abstract/id.rb:220:in `call'
/home/student/.rbenv/versions/2.1.0/lib/ruby/gems/2.1.0/gems/actionpack-4.0.2/lib/action_dispatch/middleware/cookies.rb:486:in `call'
/home/student/.rbenv/versions/2.1.0/lib/ruby/gems/2.1.0/gems/activerecord-4.0.2/lib/active_record/query_cache.rb:36:in `call'
/home/student/.rbenv/versions/2.1.0/lib/ruby/gems/2.1.0/gems/activerecord-4.0.2/lib/active_record/connection_adapters/abstract/connection_pool.rb:626:in `call'
/home/student/.rbenv/versions/2.1.0/lib/ruby/gems/2.1.0/gems/activerecord-4.0.2/lib/active_record/migration.rb:369:in `call'
/home/student/.rbenv/versions/2.1.0/lib/ruby/gems/2.1.0/gems/actionpack-4.0.2/lib/action_dispatch/middleware/callbacks.rb:29:in `block in call'
/home/student/.rbenv/versions/2.1.0/lib/ruby/gems/2.1.0/gems/activesupport-4.0.2/lib/active_support/callbacks.rb:373:in `_run__224667450__call__callbacks'
/home/student/.rbenv/versions/2.1.0/lib/ruby/gems/2.1.0/gems/activesupport-4.0.2/lib/active_support/callbacks.rb:80:in `run_callbacks'
/home/student/.rbenv/versions/2.1.0/lib/ruby/gems/2.1.0/gems/actionpack-4.0.2/lib/action_dispatch/middleware/callbacks.rb:27:in `call'
/home/student/.rbenv/versions/2.1.0/lib/ruby/gems/2.1.0/gems/actionpack-4.0.2/lib/action_dispatch/middleware/reloader.rb:64:in `call'
/home/student/.rbenv/versions/2.1.0/lib/ruby/gems/2.1.0/gems/actionpack-4.0.2/lib/action_dispatch/middleware/remote_ip.rb:76:in `call'
/home/student/.rbenv/versions/2.1.0/lib/ruby/gems/2.1.0/gems/actionpack-4.0.2/lib/action_dispatch/middleware/debug_exceptions.rb:17:in `call'
/home/student/.rbenv/versions/2.1.0/lib/ruby/gems/2.1.0/gems/actionpack-4.0.2/lib/action_dispatch/middleware/show_exceptions.rb:30:in `call'
/home/student/.rbenv/versions/2.1.0/lib/ruby/gems/2.1.0/gems/railties-4.0.2/lib/rails/rack/logger.rb:38:in `call_app'
/home/student/.rbenv/versions/2.1.0/lib/ruby/gems/2.1.0/gems/railties-4.0.2/lib/rails/rack/logger.rb:20:in `block in call'
/home/student/.rbenv/versions/2.1.0/lib/ruby/gems/2.1.0/gems/activesupport-4.0.2/lib/active_support/tagged_logging.rb:67:in `block in tagged'
/home/student/.rbenv/versions/2.1.0/lib/ruby/gems/2.1.0/gems/activesupport-4.0.2/lib/active_support/tagged_logging.rb:25:in `tagged'
/home/student/.rbenv/versions/2.1.0/lib/ruby/gems/2.1.0/gems/activesupport-4.0.2/lib/active_support/tagged_logging.rb:67:in `tagged'
/home/student/.rbenv/versions/2.1.0/lib/ruby/gems/2.1.0/gems/railties-4.0.2/lib/rails/rack/logger.rb:20:in `call'
/home/student/.rbenv/versions/2.1.0/lib/ruby/gems/2.1.0/gems/actionpack-4.0.2/lib/action_dispatch/middleware/request_id.rb:21:in `call'
/home/student/.rbenv/versions/2.1.0/lib/ruby/gems/2.1.0/gems/rack-1.5.2/lib/rack/methodoverride.rb:21:in `call'
/home/student/.rbenv/versions/2.1.0/lib/ruby/gems/2.1.0/gems/rack-1.5.2/lib/rack/runtime.rb:17:in `call'
/home/student/.rbenv/versions/2.1.0/lib/ruby/gems/2.1.0/gems/activesupport-4.0.2/lib/active_support/cache/strategy/local_cache.rb:83:in `call'
/home/student/.rbenv/versions/2.1.0/lib/ruby/gems/2.1.0/gems/rack-1.5.2/lib/rack/lock.rb:17:in `call'
/home/student/.rbenv/versions/2.1.0/lib/ruby/gems/2.1.0/gems/actionpack-4.0.2/lib/action_dispatch/middleware/static.rb:64:in `call'
/home/student/.rbenv/versions/2.1.0/lib/ruby/gems/2.1.0/gems/rack-1.5.2/lib/rack/sendfile.rb:112:in `call'
/home/student/.rbenv/versions/2.1.0/lib/ruby/gems/2.1.0/gems/railties-4.0.2/lib/rails/engine.rb:511:in `call'
/home/student/.rbenv/versions/2.1.0/lib/ruby/gems/2.1.0/gems/railties-4.0.2/lib/rails/application.rb:97:in `call'
/home/student/.rbenv/versions/2.1.0/lib/ruby/gems/2.1.0/gems/rack-1.5.2/lib/rack/lock.rb:17:in `call'
/home/student/.rbenv/versions/2.1.0/lib/ruby/gems/2.1.0/gems/rack-1.5.2/lib/rack/content_length.rb:14:in `call'
/home/student/.rbenv/versions/2.1.0/lib/ruby/gems/2.1.0/gems/rack-1.5.2/lib/rack/handler/webrick.rb:60:in `service'
/home/student/.rbenv/versions/2.1.0/lib/ruby/2.1.0/webrick/httpserver.rb:138:in `service'
/home/student/.rbenv/versions/2.1.0/lib/ruby/2.1.0/webrick/httpserver.rb:94:in `run'
/home/student/.rbenv/versions/2.1.0/lib/ruby/2.1.0/webrick/server.rb:295:in `block in start_thread'
  Rendered wines/index.html.erb within layouts/application (2.8ms)
Completed 500 Internal Server Error in 6ms

ActionView::Template::Error (/home/student/Workspace/wine_review/app/views/wines/index.html.erb:6: syntax error, unexpected ')', expecting keyword_end
..._buffer.append=( wine.winery) );@output_buffer.safe_append='...
...                               ^):
    3: 
    4: <ol>
    5:    <% @wines.each do |wine| %>
    6:      <li><%= link_to(wine.name, wine) %> from <%= wine.winery) %> type <%= wine.varietal %></li>
    7:    <% end %>
    8:  </ol>
    9:  
  actionpack (4.0.2) lib/action_view/template.rb:299:in `module_eval'
  actionpack (4.0.2) lib/action_view/template.rb:299:in `compile'
  actionpack (4.0.2) lib/action_view/template.rb:248:in `block in compile!'
  actionpack (4.0.2) lib/action_view/template.rb:236:in `synchronize'
  actionpack (4.0.2) lib/action_view/template.rb:236:in `compile!'
  actionpack (4.0.2) lib/action_view/template.rb:142:in `block in render'
  activesupport (4.0.2) lib/active_support/notifications.rb:161:in `instrument'
  actionpack (4.0.2) lib/action_view/template.rb:141:in `render'
  actionpack (4.0.2) lib/action_view/renderer/template_renderer.rb:49:in `block (2 levels) in render_template'
  actionpack (4.0.2) lib/action_view/renderer/abstract_renderer.rb:38:in `block in instrument'
  activesupport (4.0.2) lib/active_support/notifications.rb:159:in `block in instrument'
  activesupport (4.0.2) lib/active_support/notifications/instrumenter.rb:20:in `instrument'
  activesupport (4.0.2) lib/active_support/notifications.rb:159:in `instrument'
  actionpack (4.0.2) lib/action_view/renderer/abstract_renderer.rb:38:in `instrument'
  actionpack (4.0.2) lib/action_view/renderer/template_renderer.rb:48:in `block in render_template'
  actionpack (4.0.2) lib/action_view/renderer/template_renderer.rb:56:in `render_with_layout'
  actionpack (4.0.2) lib/action_view/renderer/template_renderer.rb:47:in `render_template'
  actionpack (4.0.2) lib/action_view/renderer/template_renderer.rb:17:in `render'
  actionpack (4.0.2) lib/action_view/renderer/renderer.rb:42:in `render_template'
  actionpack (4.0.2) lib/action_view/renderer/renderer.rb:23:in `render'
  actionpack (4.0.2) lib/abstract_controller/rendering.rb:127:in `_render_template'
  actionpack (4.0.2) lib/action_controller/metal/streaming.rb:219:in `_render_template'
  actionpack (4.0.2) lib/abstract_controller/rendering.rb:120:in `render_to_body'
  actionpack (4.0.2) lib/action_controller/metal/rendering.rb:33:in `render_to_body'
  actionpack (4.0.2) lib/action_controller/metal/renderers.rb:26:in `render_to_body'
  actionpack (4.0.2) lib/abstract_controller/rendering.rb:97:in `render'
  actionpack (4.0.2) lib/action_controller/metal/rendering.rb:16:in `render'
  actionpack (4.0.2) lib/action_controller/metal/instrumentation.rb:41:in `block (2 levels) in render'
  activesupport (4.0.2) lib/active_support/core_ext/benchmark.rb:12:in `block in ms'
  /home/student/.rbenv/versions/2.1.0/lib/ruby/2.1.0/benchmark.rb:294:in `realtime'
  activesupport (4.0.2) lib/active_support/core_ext/benchmark.rb:12:in `ms'
  actionpack (4.0.2) lib/action_controller/metal/instrumentation.rb:41:in `block in render'
  actionpack (4.0.2) lib/action_controller/metal/instrumentation.rb:84:in `cleanup_view_runtime'
  activerecord (4.0.2) lib/active_record/railties/controller_runtime.rb:25:in `cleanup_view_runtime'
  actionpack (4.0.2) lib/action_controller/metal/instrumentation.rb:40:in `render'
  actionpack (4.0.2) lib/action_controller/metal/implicit_render.rb:10:in `default_render'
  actionpack (4.0.2) lib/action_controller/metal/implicit_render.rb:5:in `send_action'
  actionpack (4.0.2) lib/abstract_controller/base.rb:189:in `process_action'
  actionpack (4.0.2) lib/action_controller/metal/rendering.rb:10:in `process_action'
  actionpack (4.0.2) lib/abstract_controller/callbacks.rb:18:in `block in process_action'
  activesupport (4.0.2) lib/active_support/callbacks.rb:403:in `_run__700043724__process_action__callbacks'
  activesupport (4.0.2) lib/active_support/callbacks.rb:80:in `run_callbacks'
  actionpack (4.0.2) lib/abstract_controller/callbacks.rb:17:in `process_action'
  actionpack (4.0.2) lib/action_controller/metal/rescue.rb:29:in `process_action'
  actionpack (4.0.2) lib/action_controller/metal/instrumentation.rb:31:in `block in process_action'
  activesupport (4.0.2) lib/active_support/notifications.rb:159:in `block in instrument'
  activesupport (4.0.2) lib/active_support/notifications/instrumenter.rb:20:in `instrument'
  activesupport (4.0.2) lib/active_support/notifications.rb:159:in `instrument'
  actionpack (4.0.2) lib/action_controller/metal/instrumentation.rb:30:in `process_action'
  actionpack (4.0.2) lib/action_controller/metal/params_wrapper.rb:245:in `process_action'
  activerecord (4.0.2) lib/active_record/railties/controller_runtime.rb:18:in `process_action'
  actionpack (4.0.2) lib/abstract_controller/base.rb:136:in `process'
  actionpack (4.0.2) lib/abstract_controller/rendering.rb:44:in `process'
  actionpack (4.0.2) lib/action_controller/metal.rb:195:in `dispatch'
  actionpack (4.0.2) lib/action_controller/metal/rack_delegation.rb:13:in `dispatch'
  actionpack (4.0.2) lib/action_controller/metal.rb:231:in `block in action'
  actionpack (4.0.2) lib/action_dispatch/routing/route_set.rb:80:in `call'
  actionpack (4.0.2) lib/action_dispatch/routing/route_set.rb:80:in `dispatch'
  actionpack (4.0.2) lib/action_dispatch/routing/route_set.rb:48:in `call'
  actionpack (4.0.2) lib/action_dispatch/journey/router.rb:71:in `block in call'
  actionpack (4.0.2) lib/action_dispatch/journey/router.rb:59:in `each'
  actionpack (4.0.2) lib/action_dispatch/journey/router.rb:59:in `call'
  actionpack (4.0.2) lib/action_dispatch/routing/route_set.rb:680:in `call'
  rack (1.5.2) lib/rack/etag.rb:23:in `call'
  rack (1.5.2) lib/rack/conditionalget.rb:25:in `call'
  rack (1.5.2) lib/rack/head.rb:11:in `call'
  actionpack (4.0.2) lib/action_dispatch/middleware/params_parser.rb:27:in `call'
  actionpack (4.0.2) lib/action_dispatch/middleware/flash.rb:241:in `call'
  rack (1.5.2) lib/rack/session/abstract/id.rb:225:in `context'
  rack (1.5.2) lib/rack/session/abstract/id.rb:220:in `call'
  actionpack (4.0.2) lib/action_dispatch/middleware/cookies.rb:486:in `call'
  activerecord (4.0.2) lib/active_record/query_cache.rb:36:in `call'
  activerecord (4.0.2) lib/active_record/connection_adapters/abstract/connection_pool.rb:626:in `call'
  activerecord (4.0.2) lib/active_record/migration.rb:369:in `call'
  actionpack (4.0.2) lib/action_dispatch/middleware/callbacks.rb:29:in `block in call'
  activesupport (4.0.2) lib/active_support/callbacks.rb:373:in `_run__224667450__call__callbacks'
  activesupport (4.0.2) lib/active_support/callbacks.rb:80:in `run_callbacks'
  actionpack (4.0.2) lib/action_dispatch/middleware/callbacks.rb:27:in `call'
  actionpack (4.0.2) lib/action_dispatch/middleware/reloader.rb:64:in `call'
  actionpack (4.0.2) lib/action_dispatch/middleware/remote_ip.rb:76:in `call'
  actionpack (4.0.2) lib/action_dispatch/middleware/debug_exceptions.rb:17:in `call'
  actionpack (4.0.2) lib/action_dispatch/middleware/show_exceptions.rb:30:in `call'
  railties (4.0.2) lib/rails/rack/logger.rb:38:in `call_app'
  railties (4.0.2) lib/rails/rack/logger.rb:20:in `block in call'
  activesupport (4.0.2) lib/active_support/tagged_logging.rb:67:in `block in tagged'
  activesupport (4.0.2) lib/active_support/tagged_logging.rb:25:in `tagged'
  activesupport (4.0.2) lib/active_support/tagged_logging.rb:67:in `tagged'
  railties (4.0.2) lib/rails/rack/logger.rb:20:in `call'
  actionpack (4.0.2) lib/action_dispatch/middleware/request_id.rb:21:in `call'
  rack (1.5.2) lib/rack/methodoverride.rb:21:in `call'
  rack (1.5.2) lib/rack/runtime.rb:17:in `call'
  activesupport (4.0.2) lib/active_support/cache/strategy/local_cache.rb:83:in `call'
  rack (1.5.2) lib/rack/lock.rb:17:in `call'
  actionpack (4.0.2) lib/action_dispatch/middleware/static.rb:64:in `call'
  rack (1.5.2) lib/rack/sendfile.rb:112:in `call'
  railties (4.0.2) lib/rails/engine.rb:511:in `call'
  railties (4.0.2) lib/rails/application.rb:97:in `call'
  rack (1.5.2) lib/rack/lock.rb:17:in `call'
  rack (1.5.2) lib/rack/content_length.rb:14:in `call'
  rack (1.5.2) lib/rack/handler/webrick.rb:60:in `service'
  /home/student/.rbenv/versions/2.1.0/lib/ruby/2.1.0/webrick/httpserver.rb:138:in `service'
  /home/student/.rbenv/versions/2.1.0/lib/ruby/2.1.0/webrick/httpserver.rb:94:in `run'
  /home/student/.rbenv/versions/2.1.0/lib/ruby/2.1.0/webrick/server.rb:295:in `block in start_thread'


  Rendered /home/student/.rbenv/versions/2.1.0/lib/ruby/gems/2.1.0/gems/actionpack-4.0.2/lib/action_dispatch/middleware/templates/rescues/_trace.erb (6.3ms)
  Rendered /home/student/.rbenv/versions/2.1.0/lib/ruby/gems/2.1.0/gems/actionpack-4.0.2/lib/action_dispatch/middleware/templates/rescues/_request_and_response.erb (0.7ms)
  Rendered /home/student/.rbenv/versions/2.1.0/lib/ruby/gems/2.1.0/gems/actionpack-4.0.2/lib/action_dispatch/middleware/templates/rescues/template_error.erb within rescues/layout (14.5ms)


Started GET "/wines" for 127.0.0.1 at 2014-04-22 22:31:21 -0400
Processing by WinesController#index as HTML
  [1m[35mWine Load (1.0ms)[0m  SELECT "wines".* FROM "wines"
  Rendered wines/index.html.erb within layouts/application (3.6ms)
Completed 200 OK in 373ms (Views: 370.5ms | ActiveRecord: 1.0ms)


Started GET "/assets/jquery.js?body=1" for 127.0.0.1 at 2014-04-22 22:31:21 -0400


Started GET "/assets/application.css?body=1" for 127.0.0.1 at 2014-04-22 22:31:21 -0400


Started GET "/assets/turbolinks.js?body=1" for 127.0.0.1 at 2014-04-22 22:31:21 -0400


Started GET "/assets/application.js?body=1" for 127.0.0.1 at 2014-04-22 22:31:21 -0400


Started GET "/assets/jquery_ujs.js?body=1" for 127.0.0.1 at 2014-04-22 22:31:21 -0400
  [1m[36mActiveRecord::SchemaMigration Load (0.1ms)[0m  [1mSELECT "schema_migrations".* FROM "schema_migrations"[0m
  [1m[35mSQL (6.6ms)[0m  DELETE FROM "wines"
  [1m[36m (0.1ms)[0m  [1mbegin transaction[0m
  [1m[35mSQL (6.8ms)[0m  INSERT INTO "wines" ("country", "created_at", "name", "updated_at", "varietal", "winery", "year") VALUES (?, ?, ?, ?, ?, ?, ?)  [["country", "France"], ["created_at", Wed, 23 Apr 2014 02:33:22 UTC +00:00], ["name", "State Reserve"], ["updated_at", Wed, 23 Apr 2014 02:33:22 UTC +00:00], ["varietal", "Chardonnay"], ["winery", "Afton Mountain Vineyard"], ["year", 2013]]
  [1m[36m (5.8ms)[0m  [1mcommit transaction[0m
  [1m[35m (0.0ms)[0m  begin transaction
  [1m[36mSQL (0.3ms)[0m  [1mINSERT INTO "wines" ("country", "created_at", "name", "updated_at", "varietal", "winery", "year") VALUES (?, ?, ?, ?, ?, ?, ?)[0m  [["country", "France"], ["created_at", Wed, 23 Apr 2014 02:33:22 UTC +00:00], ["name", "Cabernet Franc"], ["updated_at", Wed, 23 Apr 2014 02:33:22 UTC +00:00], ["varietal", "Red Grapes"], ["winery", "Afton Mountain Vineyard"], ["year", 2014]]
  [1m[35m (5.2ms)[0m  commit transaction
  [1m[36m (0.0ms)[0m  [1mbegin transaction[0m
  [1m[35mSQL (0.2ms)[0m  INSERT INTO "wines" ("country", "created_at", "name", "updated_at", "varietal", "winery", "year") VALUES (?, ?, ?, ?, ?, ?, ?)  [["country", "Spain"], ["created_at", Wed, 23 Apr 2014 02:33:22 UTC +00:00], ["name", "Petit Verdot"], ["updated_at", Wed, 23 Apr 2014 02:33:22 UTC +00:00], ["varietal", "Red Grapes"], ["winery", "Afton Mountain Vineyard"], ["year", 2014]]
  [1m[36m (2.2ms)[0m  [1mcommit transaction[0m


Started GET "/wines" for 127.0.0.1 at 2014-04-22 22:33:33 -0400
Processing by WinesController#index as HTML
  [1m[36mWine Load (0.6ms)[0m  [1mSELECT "wines".* FROM "wines"[0m
  Rendered wines/index.html.erb within layouts/application (15.7ms)
Completed 200 OK in 25ms (Views: 21.0ms | ActiveRecord: 1.0ms)


Started GET "/assets/application.css?body=1" for 127.0.0.1 at 2014-04-22 22:33:33 -0400


Started GET "/assets/application.js?body=1" for 127.0.0.1 at 2014-04-22 22:33:33 -0400


Started GET "/assets/turbolinks.js?body=1" for 127.0.0.1 at 2014-04-22 22:33:33 -0400


Started GET "/assets/jquery.js?body=1" for 127.0.0.1 at 2014-04-22 22:33:33 -0400


Started GET "/assets/jquery_ujs.js?body=1" for 127.0.0.1 at 2014-04-22 22:33:33 -0400


Started GET "/wines.1" for 127.0.0.1 at 2014-04-22 22:33:39 -0400
Processing by WinesController#index as 
  [1m[35mWine Load (0.3ms)[0m  SELECT "wines".* FROM "wines"
  Rendered wines/index.html.erb within layouts/application (2.4ms)
Completed 200 OK in 12ms (Views: 11.0ms | ActiveRecord: 0.3ms)


Started GET "/wines.2" for 127.0.0.1 at 2014-04-22 22:33:40 -0400
Processing by WinesController#index as 
  [1m[36mWine Load (0.3ms)[0m  [1mSELECT "wines".* FROM "wines"[0m
  Rendered wines/index.html.erb within layouts/application (2.7ms)
Completed 200 OK in 16ms (Views: 14.6ms | ActiveRecord: 0.3ms)


Started GET "/wines.3" for 127.0.0.1 at 2014-04-22 22:33:42 -0400
Processing by WinesController#index as 
  [1m[35mWine Load (0.2ms)[0m  SELECT "wines".* FROM "wines"
  Rendered wines/index.html.erb within layouts/application (1.2ms)
Completed 200 OK in 9ms (Views: 7.8ms | ActiveRecord: 0.2ms)


Started GET "/wines.1" for 127.0.0.1 at 2014-04-22 22:33:46 -0400
Processing by WinesController#index as 
  [1m[36mWine Load (0.7ms)[0m  [1mSELECT "wines".* FROM "wines"[0m
  Rendered wines/index.html.erb within layouts/application (9.2ms)
Completed 200 OK in 22ms (Views: 20.3ms | ActiveRecord: 0.7ms)


Started GET "/wines.2" for 127.0.0.1 at 2014-04-22 22:33:52 -0400
Processing by WinesController#index as 
  [1m[35mWine Load (0.4ms)[0m  SELECT "wines".* FROM "wines"
  Rendered wines/index.html.erb within layouts/application (3.6ms)
Completed 200 OK in 15ms (Views: 13.8ms | ActiveRecord: 0.4ms)


Started GET "/wines.3" for 127.0.0.1 at 2014-04-22 22:33:53 -0400
Processing by WinesController#index as 
  [1m[36mWine Load (0.4ms)[0m  [1mSELECT "wines".* FROM "wines"[0m
  Rendered wines/index.html.erb within layouts/application (7.1ms)
Completed 200 OK in 24ms (Views: 22.5ms | ActiveRecord: 0.4ms)


Started GET "/wines.1" for 127.0.0.1 at 2014-04-22 22:34:06 -0400
Processing by WinesController#index as 
  [1m[35mWine Load (0.2ms)[0m  SELECT "wines".* FROM "wines"
  Rendered wines/index.html.erb within layouts/application (1.4ms)
Completed 200 OK in 6ms (Views: 5.4ms | ActiveRecord: 0.2ms)


Started GET "/wines.2" for 127.0.0.1 at 2014-04-22 22:34:06 -0400
Processing by WinesController#index as 
  [1m[36mWine Load (0.3ms)[0m  [1mSELECT "wines".* FROM "wines"[0m
  Rendered wines/index.html.erb within layouts/application (2.8ms)
Completed 200 OK in 14ms (Views: 12.8ms | ActiveRecord: 0.3ms)


Started GET "/wines.3" for 127.0.0.1 at 2014-04-22 22:34:07 -0400
Processing by WinesController#index as 
  [1m[35mWine Load (0.5ms)[0m  SELECT "wines".* FROM "wines"
  Rendered wines/index.html.erb within layouts/application (2.9ms)
Completed 200 OK in 14ms (Views: 12.2ms | ActiveRecord: 0.5ms)


Started GET "/wines.3" for 127.0.0.1 at 2014-04-22 22:37:33 -0400
Processing by WinesController#index as 
  [1m[36mWine Load (0.4ms)[0m  [1mSELECT "wines".* FROM "wines"[0m
  Rendered wines/index.html.erb within layouts/application (7.1ms)
Completed 200 OK in 13ms (Views: 10.7ms | ActiveRecord: 0.7ms)


Started GET "/assets/application.css?body=1" for 127.0.0.1 at 2014-04-22 22:37:33 -0400


Started GET "/assets/jquery.js?body=1" for 127.0.0.1 at 2014-04-22 22:37:33 -0400


Started GET "/assets/turbolinks.js?body=1" for 127.0.0.1 at 2014-04-22 22:37:33 -0400


Started GET "/assets/application.js?body=1" for 127.0.0.1 at 2014-04-22 22:37:33 -0400


Started GET "/assets/jquery_ujs.js?body=1" for 127.0.0.1 at 2014-04-22 22:37:33 -0400


Started GET "/wine/1" for 127.0.0.1 at 2014-04-22 22:37:36 -0400
Processing by WinesController#show as HTML
  Parameters: {"id"=>"1"}
  [1m[35mWine Load (0.3ms)[0m  SELECT "wines".* FROM "wines" WHERE "wines"."id" = ? LIMIT 1  [["id", "1"]]
  Rendered wines/show.html.erb within layouts/application (1.0ms)
Completed 500 Internal Server Error in 5ms

ActionView::Template::Error (undefined method `name' for nil:NilClass):
    1: <article class="wine">
    2: 
    3: <header>
    4: 	<h2><%= @wines.name%> </h2>
    5: </header>
    6: <p><label>Wine year:</label> <%= @wines.year %></p>
    7: <p><label>Wine winery:</label> <%= @wines.winery %></p>
  app/views/wines/show.html.erb:4:in `_app_views_wines_show_html_erb__226543560__603075778'


  Rendered /home/student/.rbenv/versions/2.1.0/lib/ruby/gems/2.1.0/gems/actionpack-4.0.2/lib/action_dispatch/middleware/templates/rescues/_trace.erb (1.2ms)
  Rendered /home/student/.rbenv/versions/2.1.0/lib/ruby/gems/2.1.0/gems/actionpack-4.0.2/lib/action_dispatch/middleware/templates/rescues/_request_and_response.erb (0.8ms)
  Rendered /home/student/.rbenv/versions/2.1.0/lib/ruby/gems/2.1.0/gems/actionpack-4.0.2/lib/action_dispatch/middleware/templates/rescues/template_error.erb within rescues/layout (9.2ms)


Started GET "/wine/1" for 127.0.0.1 at 2014-04-22 22:37:36 -0400
Processing by WinesController#show as HTML
  Parameters: {"id"=>"1"}
  [1m[36mWine Load (0.1ms)[0m  [1mSELECT "wines".* FROM "wines" WHERE "wines"."id" = ? LIMIT 1[0m  [["id", "1"]]
  Rendered wines/show.html.erb within layouts/application (0.8ms)
Completed 500 Internal Server Error in 3ms

ActionView::Template::Error (undefined method `name' for nil:NilClass):
    1: <article class="wine">
    2: 
    3: <header>
    4: 	<h2><%= @wines.name%> </h2>
    5: </header>
    6: <p><label>Wine year:</label> <%= @wines.year %></p>
    7: <p><label>Wine winery:</label> <%= @wines.winery %></p>
  app/views/wines/show.html.erb:4:in `_app_views_wines_show_html_erb__226543560__596250958'


  Rendered /home/student/.rbenv/versions/2.1.0/lib/ruby/gems/2.1.0/gems/actionpack-4.0.2/lib/action_dispatch/middleware/templates/rescues/_trace.erb (1.1ms)
  Rendered /home/student/.rbenv/versions/2.1.0/lib/ruby/gems/2.1.0/gems/actionpack-4.0.2/lib/action_dispatch/middleware/templates/rescues/_request_and_response.erb (0.9ms)
  Rendered /home/student/.rbenv/versions/2.1.0/lib/ruby/gems/2.1.0/gems/actionpack-4.0.2/lib/action_dispatch/middleware/templates/rescues/template_error.erb within rescues/layout (9.7ms)


Started GET "/wine/1" for 127.0.0.1 at 2014-04-22 22:39:20 -0400
Processing by WinesController#show as HTML
  Parameters: {"id"=>"1"}
  [1m[35mWine Load (0.6ms)[0m  SELECT "wines".* FROM "wines" WHERE "wines"."id" = ? LIMIT 1  [["id", "1"]]
  Rendered wines/show.html.erb within layouts/application (2.0ms)
Completed 200 OK in 16ms (Views: 10.2ms | ActiveRecord: 0.6ms)


Started GET "/assets/application.css?body=1" for 127.0.0.1 at 2014-04-22 22:39:20 -0400


Started GET "/assets/jquery.js?body=1" for 127.0.0.1 at 2014-04-22 22:39:20 -0400


Started GET "/assets/application.js?body=1" for 127.0.0.1 at 2014-04-22 22:39:20 -0400


Started GET "/assets/turbolinks.js?body=1" for 127.0.0.1 at 2014-04-22 22:39:20 -0400


Started GET "/assets/jquery_ujs.js?body=1" for 127.0.0.1 at 2014-04-22 22:39:20 -0400


Started GET "/wine/" for 127.0.0.1 at 2014-04-22 22:39:26 -0400

ActionController::RoutingError (No route matches [GET] "/wine"):
  actionpack (4.0.2) lib/action_dispatch/middleware/debug_exceptions.rb:21:in `call'
  actionpack (4.0.2) lib/action_dispatch/middleware/show_exceptions.rb:30:in `call'
  railties (4.0.2) lib/rails/rack/logger.rb:38:in `call_app'
  railties (4.0.2) lib/rails/rack/logger.rb:20:in `block in call'
  activesupport (4.0.2) lib/active_support/tagged_logging.rb:67:in `block in tagged'
  activesupport (4.0.2) lib/active_support/tagged_logging.rb:25:in `tagged'
  activesupport (4.0.2) lib/active_support/tagged_logging.rb:67:in `tagged'
  railties (4.0.2) lib/rails/rack/logger.rb:20:in `call'
  actionpack (4.0.2) lib/action_dispatch/middleware/request_id.rb:21:in `call'
  rack (1.5.2) lib/rack/methodoverride.rb:21:in `call'
  rack (1.5.2) lib/rack/runtime.rb:17:in `call'
  activesupport (4.0.2) lib/active_support/cache/strategy/local_cache.rb:83:in `call'
  rack (1.5.2) lib/rack/lock.rb:17:in `call'
  actionpack (4.0.2) lib/action_dispatch/middleware/static.rb:64:in `call'
  rack (1.5.2) lib/rack/sendfile.rb:112:in `call'
  railties (4.0.2) lib/rails/engine.rb:511:in `call'
  railties (4.0.2) lib/rails/application.rb:97:in `call'
  rack (1.5.2) lib/rack/lock.rb:17:in `call'
  rack (1.5.2) lib/rack/content_length.rb:14:in `call'
  rack (1.5.2) lib/rack/handler/webrick.rb:60:in `service'
  /home/student/.rbenv/versions/2.1.0/lib/ruby/2.1.0/webrick/httpserver.rb:138:in `service'
  /home/student/.rbenv/versions/2.1.0/lib/ruby/2.1.0/webrick/httpserver.rb:94:in `run'
  /home/student/.rbenv/versions/2.1.0/lib/ruby/2.1.0/webrick/server.rb:295:in `block in start_thread'


  Rendered /home/student/.rbenv/versions/2.1.0/lib/ruby/gems/2.1.0/gems/actionpack-4.0.2/lib/action_dispatch/middleware/templates/rescues/_trace.erb (1.0ms)
  Rendered /home/student/.rbenv/versions/2.1.0/lib/ruby/gems/2.1.0/gems/actionpack-4.0.2/lib/action_dispatch/middleware/templates/routes/_route.html.erb (0.6ms)
  Rendered /home/student/.rbenv/versions/2.1.0/lib/ruby/gems/2.1.0/gems/actionpack-4.0.2/lib/action_dispatch/middleware/templates/routes/_table.html.erb (1.0ms)
  Rendered /home/student/.rbenv/versions/2.1.0/lib/ruby/gems/2.1.0/gems/actionpack-4.0.2/lib/action_dispatch/middleware/templates/rescues/routing_error.erb within rescues/layout (13.3ms)


Started GET "/wine/1" for 127.0.0.1 at 2014-04-22 22:39:29 -0400
Processing by WinesController#show as HTML
  Parameters: {"id"=>"1"}
  [1m[36mWine Load (0.1ms)[0m  [1mSELECT "wines".* FROM "wines" WHERE "wines"."id" = ? LIMIT 1[0m  [["id", "1"]]
  Rendered wines/show.html.erb within layouts/application (0.1ms)
Completed 200 OK in 3ms (Views: 2.4ms | ActiveRecord: 0.1ms)


Started GET "/assets/application.css?body=1" for 127.0.0.1 at 2014-04-22 22:39:29 -0400


Started GET "/assets/jquery_ujs.js?body=1" for 127.0.0.1 at 2014-04-22 22:39:29 -0400


Started GET "/assets/turbolinks.js?body=1" for 127.0.0.1 at 2014-04-22 22:39:29 -0400


Started GET "/assets/application.js?body=1" for 127.0.0.1 at 2014-04-22 22:39:29 -0400


Started GET "/assets/jquery.js?body=1" for 127.0.0.1 at 2014-04-22 22:39:29 -0400


Started GET "/wines" for 127.0.0.1 at 2014-04-22 22:39:35 -0400
Processing by WinesController#index as HTML
  [1m[35mWine Load (0.2ms)[0m  SELECT "wines".* FROM "wines"
  Rendered wines/index.html.erb within layouts/application (1.2ms)
Completed 200 OK in 5ms (Views: 4.0ms | ActiveRecord: 0.2ms)


Started GET "/assets/application.css?body=1" for 127.0.0.1 at 2014-04-22 22:39:35 -0400


Started GET "/assets/jquery.js?body=1" for 127.0.0.1 at 2014-04-22 22:39:35 -0400


Started GET "/assets/jquery_ujs.js?body=1" for 127.0.0.1 at 2014-04-22 22:39:35 -0400


Started GET "/assets/turbolinks.js?body=1" for 127.0.0.1 at 2014-04-22 22:39:35 -0400


Started GET "/assets/application.js?body=1" for 127.0.0.1 at 2014-04-22 22:39:35 -0400


Started GET "/wine/2" for 127.0.0.1 at 2014-04-22 22:39:42 -0400
Processing by WinesController#show as HTML
  Parameters: {"id"=>"2"}
  [1m[36mWine Load (0.2ms)[0m  [1mSELECT "wines".* FROM "wines" WHERE "wines"."id" = ? LIMIT 1[0m  [["id", "2"]]
  Rendered wines/show.html.erb within layouts/application (0.6ms)
Completed 200 OK in 5ms (Views: 3.9ms | ActiveRecord: 0.2ms)


Started GET "/wine/3" for 127.0.0.1 at 2014-04-22 22:39:46 -0400
Processing by WinesController#show as HTML
  Parameters: {"id"=>"3"}
  [1m[35mWine Load (0.2ms)[0m  SELECT "wines".* FROM "wines" WHERE "wines"."id" = ? LIMIT 1  [["id", "3"]]
  Rendered wines/show.html.erb within layouts/application (0.2ms)
Completed 200 OK in 19ms (Views: 15.5ms | ActiveRecord: 0.2ms)


Started GET "/wine/2" for 127.0.0.1 at 2014-04-22 22:39:49 -0400
Processing by WinesController#show as HTML
  Parameters: {"id"=>"2"}
  [1m[36mWine Load (0.2ms)[0m  [1mSELECT "wines".* FROM "wines" WHERE "wines"."id" = ? LIMIT 1[0m  [["id", "2"]]
  Rendered wines/show.html.erb within layouts/application (0.2ms)
Completed 200 OK in 13ms (Views: 10.4ms | ActiveRecord: 0.2ms)


Started GET "/wines" for 127.0.0.1 at 2014-04-22 22:52:13 -0400
Processing by WinesController#index as HTML
  [1m[35mWine Load (0.4ms)[0m  SELECT "wines".* FROM "wines"
  Rendered wines/index.html.erb within layouts/application (2.4ms)
Completed 200 OK in 7ms (Views: 5.2ms | ActiveRecord: 0.4ms)


Started GET "/assets/application.css?body=1" for 127.0.0.1 at 2014-04-22 22:52:13 -0400


Started GET "/assets/application.js?body=1" for 127.0.0.1 at 2014-04-22 22:52:13 -0400


Started GET "/assets/turbolinks.js?body=1" for 127.0.0.1 at 2014-04-22 22:52:13 -0400


Started GET "/assets/jquery_ujs.js?body=1" for 127.0.0.1 at 2014-04-22 22:52:13 -0400


Started GET "/assets/jquery.js?body=1" for 127.0.0.1 at 2014-04-22 22:52:13 -0400


Started GET "/wine/1" for 127.0.0.1 at 2014-04-22 22:52:15 -0400
Processing by WinesController#show as HTML
  Parameters: {"id"=>"1"}
  [1m[36mWine Load (0.3ms)[0m  [1mSELECT "wines".* FROM "wines" WHERE "wines"."id" = ? LIMIT 1[0m  [["id", "1"]]
  Rendered wines/show.html.erb within layouts/application (1.3ms)
Completed 200 OK in 7ms (Views: 4.8ms | ActiveRecord: 0.3ms)


Started GET "/wines" for 127.0.0.1 at 2014-04-22 22:52:16 -0400
Processing by WinesController#index as HTML
  [1m[35mWine Load (0.2ms)[0m  SELECT "wines".* FROM "wines"
  Rendered wines/index.html.erb within layouts/application (1.8ms)
Completed 200 OK in 5ms (Views: 4.5ms | ActiveRecord: 0.2ms)
